[2021-01-07 14:38:02] Flarum Installer.ERROR: PDOException: SQLSTATE[HY000] [2002] No such file or directory in /mnt/c/Users/ldmk/LinuxDebian/lundmark/dbwebb-kurser/ramverk1/me/kmom10/low-octane/vendor/doctrine/dbal/lib/Doctrine/DBAL/Driver/PDOConnection.php:38
Stack trace:
#0 /mnt/c/Users/ldmk/LinuxDebian/lundmark/dbwebb-kurser/ramverk1/me/kmom10/low-octane/vendor/doctrine/dbal/lib/Doctrine/DBAL/Driver/PDOConnection.php(38): PDO->__construct('mysql:host=loca...', 'lundmark', 'password', Array)
#1 /mnt/c/Users/ldmk/LinuxDebian/lundmark/dbwebb-kurser/ramverk1/me/kmom10/low-octane/vendor/illuminate/database/Connectors/Connector.php(67): Doctrine\DBAL\Driver\PDOConnection->__construct('mysql:host=loca...', 'lundmark', 'password', Array)
#2 /mnt/c/Users/ldmk/LinuxDebian/lundmark/dbwebb-kurser/ramverk1/me/kmom10/low-octane/vendor/illuminate/database/Connectors/Connector.php(46): Illuminate\Database\Connectors\Connector->createPdoConnection('mysql:host=loca...', 'lundmark', 'password', Array)
#3 /mnt/c/Users/ldmk/LinuxDebian/lundmark/dbwebb-kurser/ramverk1/me/kmom10/low-octane/vendor/illuminate/database/Connectors/MySqlConnector.php(24): Illuminate\Database\Connectors\Connector->createConnection('mysql:host=loca...', Array, Array)
#4 /mnt/c/Users/ldmk/LinuxDebian/lundmark/dbwebb-kurser/ramverk1/me/kmom10/low-octane/vendor/flarum/core/src/Install/Steps/ConnectToDatabase.php(38): Illuminate\Database\Connectors\MySqlConnector->connect(Array)
#5 /mnt/c/Users/ldmk/LinuxDebian/lundmark/dbwebb-kurser/ramverk1/me/kmom10/low-octane/vendor/flarum/core/src/Install/Pipeline.php(78): Flarum\Install\Steps\ConnectToDatabase->run()
#6 /mnt/c/Users/ldmk/LinuxDebian/lundmark/dbwebb-kurser/ramverk1/me/kmom10/low-octane/vendor/flarum/core/src/Install/Pipeline.php(57): Flarum\Install\Pipeline->runStep(Object(Closure))
#7 /mnt/c/Users/ldmk/LinuxDebian/lundmark/dbwebb-kurser/ramverk1/me/kmom10/low-octane/vendor/flarum/core/src/Install/Console/InstallCommand.php(110): Flarum\Install\Pipeline->run()
#8 /mnt/c/Users/ldmk/LinuxDebian/lundmark/dbwebb-kurser/ramverk1/me/kmom10/low-octane/vendor/flarum/core/src/Install/Console/InstallCommand.php(94): Flarum\Install\Console\InstallCommand->runPipeline(Object(Flarum\Install\Pipeline))
#9 /mnt/c/Users/ldmk/LinuxDebian/lundmark/dbwebb-kurser/ramverk1/me/kmom10/low-octane/vendor/flarum/core/src/Install/Console/InstallCommand.php(71): Flarum\Install\Console\InstallCommand->install()
#10 /mnt/c/Users/ldmk/LinuxDebian/lundmark/dbwebb-kurser/ramverk1/me/kmom10/low-octane/vendor/flarum/core/src/Console/AbstractCommand.php(37): Flarum\Install\Console\InstallCommand->fire()
#11 /mnt/c/Users/ldmk/LinuxDebian/lundmark/dbwebb-kurser/ramverk1/me/kmom10/low-octane/vendor/symfony/console/Command/Command.php(255): Flarum\Console\AbstractCommand->execute(Object(Symfony\Component\Console\Input\ArgvInput), Object(Symfony\Component\Console\Output\ConsoleOutput))
#12 /mnt/c/Users/ldmk/LinuxDebian/lundmark/dbwebb-kurser/ramverk1/me/kmom10/low-octane/vendor/symfony/console/Application.php(1027): Symfony\Component\Console\Command\Command->run(Object(Symfony\Component\Console\Input\ArgvInput), Object(Symfony\Component\Console\Output\ConsoleOutput))
#13 /mnt/c/Users/ldmk/LinuxDebian/lundmark/dbwebb-kurser/ramverk1/me/kmom10/low-octane/vendor/symfony/console/Application.php(273): Symfony\Component\Console\Application->doRunCommand(Object(Flarum\Install\Console\InstallCommand), Object(Symfony\Component\Console\Input\ArgvInput), Object(Symfony\Component\Console\Output\ConsoleOutput))
#14 /mnt/c/Users/ldmk/LinuxDebian/lundmark/dbwebb-kurser/ramverk1/me/kmom10/low-octane/vendor/symfony/console/Application.php(149): Symfony\Component\Console\Application->doRun(Object(Symfony\Component\Console\Input\ArgvInput), Object(Symfony\Component\Console\Output\ConsoleOutput))
#15 /mnt/c/Users/ldmk/LinuxDebian/lundmark/dbwebb-kurser/ramverk1/me/kmom10/low-octane/vendor/flarum/core/src/Console/Server.php(42): Symfony\Component\Console\Application->run()
#16 /mnt/c/Users/ldmk/LinuxDebian/lundmark/dbwebb-kurser/ramverk1/me/kmom10/low-octane/flarum(24): Flarum\Console\Server->listen()
#17 {main}

Next Doctrine\DBAL\Driver\PDO\Exception: SQLSTATE[HY000] [2002] No such file or directory in /mnt/c/Users/ldmk/LinuxDebian/lundmark/dbwebb-kurser/ramverk1/me/kmom10/low-octane/vendor/doctrine/dbal/lib/Doctrine/DBAL/Driver/PDO/Exception.php:18
Stack trace:
#0 /mnt/c/Users/ldmk/LinuxDebian/lundmark/dbwebb-kurser/ramverk1/me/kmom10/low-octane/vendor/doctrine/dbal/lib/Doctrine/DBAL/Driver/PDOConnection.php(42): Doctrine\DBAL\Driver\PDO\Exception::new(Object(PDOException))
#1 /mnt/c/Users/ldmk/LinuxDebian/lundmark/dbwebb-kurser/ramverk1/me/kmom10/low-octane/vendor/illuminate/database/Connectors/Connector.php(67): Doctrine\DBAL\Driver\PDOConnection->__construct('mysql:host=loca...', 'lundmark', 'password', Array)
#2 /mnt/c/Users/ldmk/LinuxDebian/lundmark/dbwebb-kurser/ramverk1/me/kmom10/low-octane/vendor/illuminate/database/Connectors/Connector.php(46): Illuminate\Database\Connectors\Connector->createPdoConnection('mysql:host=loca...', 'lundmark', 'password', Array)
#3 /mnt/c/Users/ldmk/LinuxDebian/lundmark/dbwebb-kurser/ramverk1/me/kmom10/low-octane/vendor/illuminate/database/Connectors/MySqlConnector.php(24): Illuminate\Database\Connectors\Connector->createConnection('mysql:host=loca...', Array, Array)
#4 /mnt/c/Users/ldmk/LinuxDebian/lundmark/dbwebb-kurser/ramverk1/me/kmom10/low-octane/vendor/flarum/core/src/Install/Steps/ConnectToDatabase.php(38): Illuminate\Database\Connectors\MySqlConnector->connect(Array)
#5 /mnt/c/Users/ldmk/LinuxDebian/lundmark/dbwebb-kurser/ramverk1/me/kmom10/low-octane/vendor/flarum/core/src/Install/Pipeline.php(78): Flarum\Install\Steps\ConnectToDatabase->run()
#6 /mnt/c/Users/ldmk/LinuxDebian/lundmark/dbwebb-kurser/ramverk1/me/kmom10/low-octane/vendor/flarum/core/src/Install/Pipeline.php(57): Flarum\Install\Pipeline->runStep(Object(Closure))
#7 /mnt/c/Users/ldmk/LinuxDebian/lundmark/dbwebb-kurser/ramverk1/me/kmom10/low-octane/vendor/flarum/core/src/Install/Console/InstallCommand.php(110): Flarum\Install\Pipeline->run()
#8 /mnt/c/Users/ldmk/LinuxDebian/lundmark/dbwebb-kurser/ramverk1/me/kmom10/low-octane/vendor/flarum/core/src/Install/Console/InstallCommand.php(94): Flarum\Install\Console\InstallCommand->runPipeline(Object(Flarum\Install\Pipeline))
#9 /mnt/c/Users/ldmk/LinuxDebian/lundmark/dbwebb-kurser/ramverk1/me/kmom10/low-octane/vendor/flarum/core/src/Install/Console/InstallCommand.php(71): Flarum\Install\Console\InstallCommand->install()
#10 /mnt/c/Users/ldmk/LinuxDebian/lundmark/dbwebb-kurser/ramverk1/me/kmom10/low-octane/vendor/flarum/core/src/Console/AbstractCommand.php(37): Flarum\Install\Console\InstallCommand->fire()
#11 /mnt/c/Users/ldmk/LinuxDebian/lundmark/dbwebb-kurser/ramverk1/me/kmom10/low-octane/vendor/symfony/console/Command/Command.php(255): Flarum\Console\AbstractCommand->execute(Object(Symfony\Component\Console\Input\ArgvInput), Object(Symfony\Component\Console\Output\ConsoleOutput))
#12 /mnt/c/Users/ldmk/LinuxDebian/lundmark/dbwebb-kurser/ramverk1/me/kmom10/low-octane/vendor/symfony/console/Application.php(1027): Symfony\Component\Console\Command\Command->run(Object(Symfony\Component\Console\Input\ArgvInput), Object(Symfony\Component\Console\Output\ConsoleOutput))
#13 /mnt/c/Users/ldmk/LinuxDebian/lundmark/dbwebb-kurser/ramverk1/me/kmom10/low-octane/vendor/symfony/console/Application.php(273): Symfony\Component\Console\Application->doRunCommand(Object(Flarum\Install\Console\InstallCommand), Object(Symfony\Component\Console\Input\ArgvInput), Object(Symfony\Component\Console\Output\ConsoleOutput))
#14 /mnt/c/Users/ldmk/LinuxDebian/lundmark/dbwebb-kurser/ramverk1/me/kmom10/low-octane/vendor/symfony/console/Application.php(149): Symfony\Component\Console\Application->doRun(Object(Symfony\Component\Console\Input\ArgvInput), Object(Symfony\Component\Console\Output\ConsoleOutput))
#15 /mnt/c/Users/ldmk/LinuxDebian/lundmark/dbwebb-kurser/ramverk1/me/kmom10/low-octane/vendor/flarum/core/src/Console/Server.php(42): Symfony\Component\Console\Application->run()
#16 /mnt/c/Users/ldmk/LinuxDebian/lundmark/dbwebb-kurser/ramverk1/me/kmom10/low-octane/flarum(24): Flarum\Console\Server->listen()
#17 {main}

Next Flarum\Install\StepFailed: Step failed in /mnt/c/Users/ldmk/LinuxDebian/lundmark/dbwebb-kurser/ramverk1/me/kmom10/low-octane/vendor/flarum/core/src/Install/Pipeline.php:85
Stack trace:
#0 /mnt/c/Users/ldmk/LinuxDebian/lundmark/dbwebb-kurser/ramverk1/me/kmom10/low-octane/vendor/flarum/core/src/Install/Pipeline.php(57): Flarum\Install\Pipeline->runStep(Object(Closure))
#1 /mnt/c/Users/ldmk/LinuxDebian/lundmark/dbwebb-kurser/ramverk1/me/kmom10/low-octane/vendor/flarum/core/src/Install/Console/InstallCommand.php(110): Flarum\Install\Pipeline->run()
#2 /mnt/c/Users/ldmk/LinuxDebian/lundmark/dbwebb-kurser/ramverk1/me/kmom10/low-octane/vendor/flarum/core/src/Install/Console/InstallCommand.php(94): Flarum\Install\Console\InstallCommand->runPipeline(Object(Flarum\Install\Pipeline))
#3 /mnt/c/Users/ldmk/LinuxDebian/lundmark/dbwebb-kurser/ramverk1/me/kmom10/low-octane/vendor/flarum/core/src/Install/Console/InstallCommand.php(71): Flarum\Install\Console\InstallCommand->install()
#4 /mnt/c/Users/ldmk/LinuxDebian/lundmark/dbwebb-kurser/ramverk1/me/kmom10/low-octane/vendor/flarum/core/src/Console/AbstractCommand.php(37): Flarum\Install\Console\InstallCommand->fire()
#5 /mnt/c/Users/ldmk/LinuxDebian/lundmark/dbwebb-kurser/ramverk1/me/kmom10/low-octane/vendor/symfony/console/Command/Command.php(255): Flarum\Console\AbstractCommand->execute(Object(Symfony\Component\Console\Input\ArgvInput), Object(Symfony\Component\Console\Output\ConsoleOutput))
#6 /mnt/c/Users/ldmk/LinuxDebian/lundmark/dbwebb-kurser/ramverk1/me/kmom10/low-octane/vendor/symfony/console/Application.php(1027): Symfony\Component\Console\Command\Command->run(Object(Symfony\Component\Console\Input\ArgvInput), Object(Symfony\Component\Console\Output\ConsoleOutput))
#7 /mnt/c/Users/ldmk/LinuxDebian/lundmark/dbwebb-kurser/ramverk1/me/kmom10/low-octane/vendor/symfony/console/Application.php(273): Symfony\Component\Console\Application->doRunCommand(Object(Flarum\Install\Console\InstallCommand), Object(Symfony\Component\Console\Input\ArgvInput), Object(Symfony\Component\Console\Output\ConsoleOutput))
#8 /mnt/c/Users/ldmk/LinuxDebian/lundmark/dbwebb-kurser/ramverk1/me/kmom10/low-octane/vendor/symfony/console/Application.php(149): Symfony\Component\Console\Application->doRun(Object(Symfony\Component\Console\Input\ArgvInput), Object(Symfony\Component\Console\Output\ConsoleOutput))
#9 /mnt/c/Users/ldmk/LinuxDebian/lundmark/dbwebb-kurser/ramverk1/me/kmom10/low-octane/vendor/flarum/core/src/Console/Server.php(42): Symfony\Component\Console\Application->run()
#10 /mnt/c/Users/ldmk/LinuxDebian/lundmark/dbwebb-kurser/ramverk1/me/kmom10/low-octane/flarum(24): Flarum\Console\Server->listen()
#11 {main}  
[2021-01-07 14:39:10] Flarum Installer.ERROR: PDOException: SQLSTATE[HY000] [2002] No such file or directory in /mnt/c/Users/ldmk/LinuxDebian/lundmark/dbwebb-kurser/ramverk1/me/kmom10/low-octane/vendor/doctrine/dbal/lib/Doctrine/DBAL/Driver/PDOConnection.php:38
Stack trace:
#0 /mnt/c/Users/ldmk/LinuxDebian/lundmark/dbwebb-kurser/ramverk1/me/kmom10/low-octane/vendor/doctrine/dbal/lib/Doctrine/DBAL/Driver/PDOConnection.php(38): PDO->__construct('mysql:host=loca...', 'lundmark', 'password', Array)
#1 /mnt/c/Users/ldmk/LinuxDebian/lundmark/dbwebb-kurser/ramverk1/me/kmom10/low-octane/vendor/illuminate/database/Connectors/Connector.php(67): Doctrine\DBAL\Driver\PDOConnection->__construct('mysql:host=loca...', 'lundmark', 'password', Array)
#2 /mnt/c/Users/ldmk/LinuxDebian/lundmark/dbwebb-kurser/ramverk1/me/kmom10/low-octane/vendor/illuminate/database/Connectors/Connector.php(46): Illuminate\Database\Connectors\Connector->createPdoConnection('mysql:host=loca...', 'lundmark', 'password', Array)
#3 /mnt/c/Users/ldmk/LinuxDebian/lundmark/dbwebb-kurser/ramverk1/me/kmom10/low-octane/vendor/illuminate/database/Connectors/MySqlConnector.php(24): Illuminate\Database\Connectors\Connector->createConnection('mysql:host=loca...', Array, Array)
#4 /mnt/c/Users/ldmk/LinuxDebian/lundmark/dbwebb-kurser/ramverk1/me/kmom10/low-octane/vendor/flarum/core/src/Install/Steps/ConnectToDatabase.php(38): Illuminate\Database\Connectors\MySqlConnector->connect(Array)
#5 /mnt/c/Users/ldmk/LinuxDebian/lundmark/dbwebb-kurser/ramverk1/me/kmom10/low-octane/vendor/flarum/core/src/Install/Pipeline.php(78): Flarum\Install\Steps\ConnectToDatabase->run()
#6 /mnt/c/Users/ldmk/LinuxDebian/lundmark/dbwebb-kurser/ramverk1/me/kmom10/low-octane/vendor/flarum/core/src/Install/Pipeline.php(57): Flarum\Install\Pipeline->runStep(Object(Closure))
#7 /mnt/c/Users/ldmk/LinuxDebian/lundmark/dbwebb-kurser/ramverk1/me/kmom10/low-octane/vendor/flarum/core/src/Install/Console/InstallCommand.php(110): Flarum\Install\Pipeline->run()
#8 /mnt/c/Users/ldmk/LinuxDebian/lundmark/dbwebb-kurser/ramverk1/me/kmom10/low-octane/vendor/flarum/core/src/Install/Console/InstallCommand.php(94): Flarum\Install\Console\InstallCommand->runPipeline(Object(Flarum\Install\Pipeline))
#9 /mnt/c/Users/ldmk/LinuxDebian/lundmark/dbwebb-kurser/ramverk1/me/kmom10/low-octane/vendor/flarum/core/src/Install/Console/InstallCommand.php(71): Flarum\Install\Console\InstallCommand->install()
#10 /mnt/c/Users/ldmk/LinuxDebian/lundmark/dbwebb-kurser/ramverk1/me/kmom10/low-octane/vendor/flarum/core/src/Console/AbstractCommand.php(37): Flarum\Install\Console\InstallCommand->fire()
#11 /mnt/c/Users/ldmk/LinuxDebian/lundmark/dbwebb-kurser/ramverk1/me/kmom10/low-octane/vendor/symfony/console/Command/Command.php(255): Flarum\Console\AbstractCommand->execute(Object(Symfony\Component\Console\Input\ArgvInput), Object(Symfony\Component\Console\Output\ConsoleOutput))
#12 /mnt/c/Users/ldmk/LinuxDebian/lundmark/dbwebb-kurser/ramverk1/me/kmom10/low-octane/vendor/symfony/console/Application.php(1027): Symfony\Component\Console\Command\Command->run(Object(Symfony\Component\Console\Input\ArgvInput), Object(Symfony\Component\Console\Output\ConsoleOutput))
#13 /mnt/c/Users/ldmk/LinuxDebian/lundmark/dbwebb-kurser/ramverk1/me/kmom10/low-octane/vendor/symfony/console/Application.php(273): Symfony\Component\Console\Application->doRunCommand(Object(Flarum\Install\Console\InstallCommand), Object(Symfony\Component\Console\Input\ArgvInput), Object(Symfony\Component\Console\Output\ConsoleOutput))
#14 /mnt/c/Users/ldmk/LinuxDebian/lundmark/dbwebb-kurser/ramverk1/me/kmom10/low-octane/vendor/symfony/console/Application.php(149): Symfony\Component\Console\Application->doRun(Object(Symfony\Component\Console\Input\ArgvInput), Object(Symfony\Component\Console\Output\ConsoleOutput))
#15 /mnt/c/Users/ldmk/LinuxDebian/lundmark/dbwebb-kurser/ramverk1/me/kmom10/low-octane/vendor/flarum/core/src/Console/Server.php(42): Symfony\Component\Console\Application->run()
#16 /mnt/c/Users/ldmk/LinuxDebian/lundmark/dbwebb-kurser/ramverk1/me/kmom10/low-octane/flarum(24): Flarum\Console\Server->listen()
#17 {main}

Next Doctrine\DBAL\Driver\PDO\Exception: SQLSTATE[HY000] [2002] No such file or directory in /mnt/c/Users/ldmk/LinuxDebian/lundmark/dbwebb-kurser/ramverk1/me/kmom10/low-octane/vendor/doctrine/dbal/lib/Doctrine/DBAL/Driver/PDO/Exception.php:18
Stack trace:
#0 /mnt/c/Users/ldmk/LinuxDebian/lundmark/dbwebb-kurser/ramverk1/me/kmom10/low-octane/vendor/doctrine/dbal/lib/Doctrine/DBAL/Driver/PDOConnection.php(42): Doctrine\DBAL\Driver\PDO\Exception::new(Object(PDOException))
#1 /mnt/c/Users/ldmk/LinuxDebian/lundmark/dbwebb-kurser/ramverk1/me/kmom10/low-octane/vendor/illuminate/database/Connectors/Connector.php(67): Doctrine\DBAL\Driver\PDOConnection->__construct('mysql:host=loca...', 'lundmark', 'password', Array)
#2 /mnt/c/Users/ldmk/LinuxDebian/lundmark/dbwebb-kurser/ramverk1/me/kmom10/low-octane/vendor/illuminate/database/Connectors/Connector.php(46): Illuminate\Database\Connectors\Connector->createPdoConnection('mysql:host=loca...', 'lundmark', 'password', Array)
#3 /mnt/c/Users/ldmk/LinuxDebian/lundmark/dbwebb-kurser/ramverk1/me/kmom10/low-octane/vendor/illuminate/database/Connectors/MySqlConnector.php(24): Illuminate\Database\Connectors\Connector->createConnection('mysql:host=loca...', Array, Array)
#4 /mnt/c/Users/ldmk/LinuxDebian/lundmark/dbwebb-kurser/ramverk1/me/kmom10/low-octane/vendor/flarum/core/src/Install/Steps/ConnectToDatabase.php(38): Illuminate\Database\Connectors\MySqlConnector->connect(Array)
#5 /mnt/c/Users/ldmk/LinuxDebian/lundmark/dbwebb-kurser/ramverk1/me/kmom10/low-octane/vendor/flarum/core/src/Install/Pipeline.php(78): Flarum\Install\Steps\ConnectToDatabase->run()
#6 /mnt/c/Users/ldmk/LinuxDebian/lundmark/dbwebb-kurser/ramverk1/me/kmom10/low-octane/vendor/flarum/core/src/Install/Pipeline.php(57): Flarum\Install\Pipeline->runStep(Object(Closure))
#7 /mnt/c/Users/ldmk/LinuxDebian/lundmark/dbwebb-kurser/ramverk1/me/kmom10/low-octane/vendor/flarum/core/src/Install/Console/InstallCommand.php(110): Flarum\Install\Pipeline->run()
#8 /mnt/c/Users/ldmk/LinuxDebian/lundmark/dbwebb-kurser/ramverk1/me/kmom10/low-octane/vendor/flarum/core/src/Install/Console/InstallCommand.php(94): Flarum\Install\Console\InstallCommand->runPipeline(Object(Flarum\Install\Pipeline))
#9 /mnt/c/Users/ldmk/LinuxDebian/lundmark/dbwebb-kurser/ramverk1/me/kmom10/low-octane/vendor/flarum/core/src/Install/Console/InstallCommand.php(71): Flarum\Install\Console\InstallCommand->install()
#10 /mnt/c/Users/ldmk/LinuxDebian/lundmark/dbwebb-kurser/ramverk1/me/kmom10/low-octane/vendor/flarum/core/src/Console/AbstractCommand.php(37): Flarum\Install\Console\InstallCommand->fire()
#11 /mnt/c/Users/ldmk/LinuxDebian/lundmark/dbwebb-kurser/ramverk1/me/kmom10/low-octane/vendor/symfony/console/Command/Command.php(255): Flarum\Console\AbstractCommand->execute(Object(Symfony\Component\Console\Input\ArgvInput), Object(Symfony\Component\Console\Output\ConsoleOutput))
#12 /mnt/c/Users/ldmk/LinuxDebian/lundmark/dbwebb-kurser/ramverk1/me/kmom10/low-octane/vendor/symfony/console/Application.php(1027): Symfony\Component\Console\Command\Command->run(Object(Symfony\Component\Console\Input\ArgvInput), Object(Symfony\Component\Console\Output\ConsoleOutput))
#13 /mnt/c/Users/ldmk/LinuxDebian/lundmark/dbwebb-kurser/ramverk1/me/kmom10/low-octane/vendor/symfony/console/Application.php(273): Symfony\Component\Console\Application->doRunCommand(Object(Flarum\Install\Console\InstallCommand), Object(Symfony\Component\Console\Input\ArgvInput), Object(Symfony\Component\Console\Output\ConsoleOutput))
#14 /mnt/c/Users/ldmk/LinuxDebian/lundmark/dbwebb-kurser/ramverk1/me/kmom10/low-octane/vendor/symfony/console/Application.php(149): Symfony\Component\Console\Application->doRun(Object(Symfony\Component\Console\Input\ArgvInput), Object(Symfony\Component\Console\Output\ConsoleOutput))
#15 /mnt/c/Users/ldmk/LinuxDebian/lundmark/dbwebb-kurser/ramverk1/me/kmom10/low-octane/vendor/flarum/core/src/Console/Server.php(42): Symfony\Component\Console\Application->run()
#16 /mnt/c/Users/ldmk/LinuxDebian/lundmark/dbwebb-kurser/ramverk1/me/kmom10/low-octane/flarum(24): Flarum\Console\Server->listen()
#17 {main}

Next Flarum\Install\StepFailed: Step failed in /mnt/c/Users/ldmk/LinuxDebian/lundmark/dbwebb-kurser/ramverk1/me/kmom10/low-octane/vendor/flarum/core/src/Install/Pipeline.php:85
Stack trace:
#0 /mnt/c/Users/ldmk/LinuxDebian/lundmark/dbwebb-kurser/ramverk1/me/kmom10/low-octane/vendor/flarum/core/src/Install/Pipeline.php(57): Flarum\Install\Pipeline->runStep(Object(Closure))
#1 /mnt/c/Users/ldmk/LinuxDebian/lundmark/dbwebb-kurser/ramverk1/me/kmom10/low-octane/vendor/flarum/core/src/Install/Console/InstallCommand.php(110): Flarum\Install\Pipeline->run()
#2 /mnt/c/Users/ldmk/LinuxDebian/lundmark/dbwebb-kurser/ramverk1/me/kmom10/low-octane/vendor/flarum/core/src/Install/Console/InstallCommand.php(94): Flarum\Install\Console\InstallCommand->runPipeline(Object(Flarum\Install\Pipeline))
#3 /mnt/c/Users/ldmk/LinuxDebian/lundmark/dbwebb-kurser/ramverk1/me/kmom10/low-octane/vendor/flarum/core/src/Install/Console/InstallCommand.php(71): Flarum\Install\Console\InstallCommand->install()
#4 /mnt/c/Users/ldmk/LinuxDebian/lundmark/dbwebb-kurser/ramverk1/me/kmom10/low-octane/vendor/flarum/core/src/Console/AbstractCommand.php(37): Flarum\Install\Console\InstallCommand->fire()
#5 /mnt/c/Users/ldmk/LinuxDebian/lundmark/dbwebb-kurser/ramverk1/me/kmom10/low-octane/vendor/symfony/console/Command/Command.php(255): Flarum\Console\AbstractCommand->execute(Object(Symfony\Component\Console\Input\ArgvInput), Object(Symfony\Component\Console\Output\ConsoleOutput))
#6 /mnt/c/Users/ldmk/LinuxDebian/lundmark/dbwebb-kurser/ramverk1/me/kmom10/low-octane/vendor/symfony/console/Application.php(1027): Symfony\Component\Console\Command\Command->run(Object(Symfony\Component\Console\Input\ArgvInput), Object(Symfony\Component\Console\Output\ConsoleOutput))
#7 /mnt/c/Users/ldmk/LinuxDebian/lundmark/dbwebb-kurser/ramverk1/me/kmom10/low-octane/vendor/symfony/console/Application.php(273): Symfony\Component\Console\Application->doRunCommand(Object(Flarum\Install\Console\InstallCommand), Object(Symfony\Component\Console\Input\ArgvInput), Object(Symfony\Component\Console\Output\ConsoleOutput))
#8 /mnt/c/Users/ldmk/LinuxDebian/lundmark/dbwebb-kurser/ramverk1/me/kmom10/low-octane/vendor/symfony/console/Application.php(149): Symfony\Component\Console\Application->doRun(Object(Symfony\Component\Console\Input\ArgvInput), Object(Symfony\Component\Console\Output\ConsoleOutput))
#9 /mnt/c/Users/ldmk/LinuxDebian/lundmark/dbwebb-kurser/ramverk1/me/kmom10/low-octane/vendor/flarum/core/src/Console/Server.php(42): Symfony\Component\Console\Application->run()
#10 /mnt/c/Users/ldmk/LinuxDebian/lundmark/dbwebb-kurser/ramverk1/me/kmom10/low-octane/flarum(24): Flarum\Console\Server->listen()
#11 {main}  
[2021-01-07 14:40:48] Flarum Installer.ERROR: PDOException: SQLSTATE[42000]: Syntax error or access violation: 1142 CREATE command denied to user 'lundmark'@'localhost' for table 'migrations' in /mnt/c/Users/ldmk/LinuxDebian/lundmark/dbwebb-kurser/ramverk1/me/kmom10/low-octane/vendor/doctrine/dbal/lib/Doctrine/DBAL/Driver/PDOConnection.php:78
Stack trace:
#0 /mnt/c/Users/ldmk/LinuxDebian/lundmark/dbwebb-kurser/ramverk1/me/kmom10/low-octane/vendor/doctrine/dbal/lib/Doctrine/DBAL/Driver/PDOConnection.php(78): PDO->prepare('create table `m...', Array)
#1 /mnt/c/Users/ldmk/LinuxDebian/lundmark/dbwebb-kurser/ramverk1/me/kmom10/low-octane/vendor/illuminate/database/Connection.php(457): Doctrine\DBAL\Driver\PDOConnection->prepare('create table `m...')
#2 /mnt/c/Users/ldmk/LinuxDebian/lundmark/dbwebb-kurser/ramverk1/me/kmom10/low-octane/vendor/illuminate/database/Connection.php(662): Illuminate\Database\Connection->Illuminate\Database\{closure}('create table `m...', Array)
#3 /mnt/c/Users/ldmk/LinuxDebian/lundmark/dbwebb-kurser/ramverk1/me/kmom10/low-octane/vendor/illuminate/database/Connection.php(629): Illuminate\Database\Connection->runQueryCallback('create table `m...', Array, Object(Closure))
#4 /mnt/c/Users/ldmk/LinuxDebian/lundmark/dbwebb-kurser/ramverk1/me/kmom10/low-octane/vendor/illuminate/database/Connection.php(464): Illuminate\Database\Connection->run('create table `m...', Array, Object(Closure))
#5 /mnt/c/Users/ldmk/LinuxDebian/lundmark/dbwebb-kurser/ramverk1/me/kmom10/low-octane/vendor/illuminate/database/Schema/Blueprint.php(97): Illuminate\Database\Connection->statement('create table `m...')
#6 /mnt/c/Users/ldmk/LinuxDebian/lundmark/dbwebb-kurser/ramverk1/me/kmom10/low-octane/vendor/illuminate/database/Schema/Builder.php(290): Illuminate\Database\Schema\Blueprint->build(Object(Illuminate\Database\MySqlConnection), Object(Illuminate\Database\Schema\Grammars\MySqlGrammar))
#7 /mnt/c/Users/ldmk/LinuxDebian/lundmark/dbwebb-kurser/ramverk1/me/kmom10/low-octane/vendor/illuminate/database/Schema/Builder.php(167): Illuminate\Database\Schema\Builder->build(Object(Illuminate\Database\Schema\Blueprint))
#8 /mnt/c/Users/ldmk/LinuxDebian/lundmark/dbwebb-kurser/ramverk1/me/kmom10/low-octane/vendor/flarum/core/src/Database/DatabaseMigrationRepository.php(103): Illuminate\Database\Schema\Builder->create('migrations', Object(Closure))
#9 /mnt/c/Users/ldmk/LinuxDebian/lundmark/dbwebb-kurser/ramverk1/me/kmom10/low-octane/vendor/flarum/core/src/Install/Steps/RunMigrations.php(45): Flarum\Database\DatabaseMigrationRepository->createRepository()
#10 /mnt/c/Users/ldmk/LinuxDebian/lundmark/dbwebb-kurser/ramverk1/me/kmom10/low-octane/vendor/flarum/core/src/Install/Pipeline.php(78): Flarum\Install\Steps\RunMigrations->run()
#11 /mnt/c/Users/ldmk/LinuxDebian/lundmark/dbwebb-kurser/ramverk1/me/kmom10/low-octane/vendor/flarum/core/src/Install/Pipeline.php(57): Flarum\Install\Pipeline->runStep(Object(Closure))
#12 /mnt/c/Users/ldmk/LinuxDebian/lundmark/dbwebb-kurser/ramverk1/me/kmom10/low-octane/vendor/flarum/core/src/Install/Console/InstallCommand.php(110): Flarum\Install\Pipeline->run()
#13 /mnt/c/Users/ldmk/LinuxDebian/lundmark/dbwebb-kurser/ramverk1/me/kmom10/low-octane/vendor/flarum/core/src/Install/Console/InstallCommand.php(94): Flarum\Install\Console\InstallCommand->runPipeline(Object(Flarum\Install\Pipeline))
#14 /mnt/c/Users/ldmk/LinuxDebian/lundmark/dbwebb-kurser/ramverk1/me/kmom10/low-octane/vendor/flarum/core/src/Install/Console/InstallCommand.php(71): Flarum\Install\Console\InstallCommand->install()
#15 /mnt/c/Users/ldmk/LinuxDebian/lundmark/dbwebb-kurser/ramverk1/me/kmom10/low-octane/vendor/flarum/core/src/Console/AbstractCommand.php(37): Flarum\Install\Console\InstallCommand->fire()
#16 /mnt/c/Users/ldmk/LinuxDebian/lundmark/dbwebb-kurser/ramverk1/me/kmom10/low-octane/vendor/symfony/console/Command/Command.php(255): Flarum\Console\AbstractCommand->execute(Object(Symfony\Component\Console\Input\ArgvInput), Object(Symfony\Component\Console\Output\ConsoleOutput))
#17 /mnt/c/Users/ldmk/LinuxDebian/lundmark/dbwebb-kurser/ramverk1/me/kmom10/low-octane/vendor/symfony/console/Application.php(1027): Symfony\Component\Console\Command\Command->run(Object(Symfony\Component\Console\Input\ArgvInput), Object(Symfony\Component\Console\Output\ConsoleOutput))
#18 /mnt/c/Users/ldmk/LinuxDebian/lundmark/dbwebb-kurser/ramverk1/me/kmom10/low-octane/vendor/symfony/console/Application.php(273): Symfony\Component\Console\Application->doRunCommand(Object(Flarum\Install\Console\InstallCommand), Object(Symfony\Component\Console\Input\ArgvInput), Object(Symfony\Component\Console\Output\ConsoleOutput))
#19 /mnt/c/Users/ldmk/LinuxDebian/lundmark/dbwebb-kurser/ramverk1/me/kmom10/low-octane/vendor/symfony/console/Application.php(149): Symfony\Component\Console\Application->doRun(Object(Symfony\Component\Console\Input\ArgvInput), Object(Symfony\Component\Console\Output\ConsoleOutput))
#20 /mnt/c/Users/ldmk/LinuxDebian/lundmark/dbwebb-kurser/ramverk1/me/kmom10/low-octane/vendor/flarum/core/src/Console/Server.php(42): Symfony\Component\Console\Application->run()
#21 /mnt/c/Users/ldmk/LinuxDebian/lundmark/dbwebb-kurser/ramverk1/me/kmom10/low-octane/flarum(24): Flarum\Console\Server->listen()
#22 {main}

Next Doctrine\DBAL\Driver\PDO\Exception: SQLSTATE[42000]: Syntax error or access violation: 1142 CREATE command denied to user 'lundmark'@'localhost' for table 'migrations' in /mnt/c/Users/ldmk/LinuxDebian/lundmark/dbwebb-kurser/ramverk1/me/kmom10/low-octane/vendor/doctrine/dbal/lib/Doctrine/DBAL/Driver/PDO/Exception.php:18
Stack trace:
#0 /mnt/c/Users/ldmk/LinuxDebian/lundmark/dbwebb-kurser/ramverk1/me/kmom10/low-octane/vendor/doctrine/dbal/lib/Doctrine/DBAL/Driver/PDOConnection.php(83): Doctrine\DBAL\Driver\PDO\Exception::new(Object(PDOException))
#1 /mnt/c/Users/ldmk/LinuxDebian/lundmark/dbwebb-kurser/ramverk1/me/kmom10/low-octane/vendor/illuminate/database/Connection.php(457): Doctrine\DBAL\Driver\PDOConnection->prepare('create table `m...')
#2 /mnt/c/Users/ldmk/LinuxDebian/lundmark/dbwebb-kurser/ramverk1/me/kmom10/low-octane/vendor/illuminate/database/Connection.php(662): Illuminate\Database\Connection->Illuminate\Database\{closure}('create table `m...', Array)
#3 /mnt/c/Users/ldmk/LinuxDebian/lundmark/dbwebb-kurser/ramverk1/me/kmom10/low-octane/vendor/illuminate/database/Connection.php(629): Illuminate\Database\Connection->runQueryCallback('create table `m...', Array, Object(Closure))
#4 /mnt/c/Users/ldmk/LinuxDebian/lundmark/dbwebb-kurser/ramverk1/me/kmom10/low-octane/vendor/illuminate/database/Connection.php(464): Illuminate\Database\Connection->run('create table `m...', Array, Object(Closure))
#5 /mnt/c/Users/ldmk/LinuxDebian/lundmark/dbwebb-kurser/ramverk1/me/kmom10/low-octane/vendor/illuminate/database/Schema/Blueprint.php(97): Illuminate\Database\Connection->statement('create table `m...')
#6 /mnt/c/Users/ldmk/LinuxDebian/lundmark/dbwebb-kurser/ramverk1/me/kmom10/low-octane/vendor/illuminate/database/Schema/Builder.php(290): Illuminate\Database\Schema\Blueprint->build(Object(Illuminate\Database\MySqlConnection), Object(Illuminate\Database\Schema\Grammars\MySqlGrammar))
#7 /mnt/c/Users/ldmk/LinuxDebian/lundmark/dbwebb-kurser/ramverk1/me/kmom10/low-octane/vendor/illuminate/database/Schema/Builder.php(167): Illuminate\Database\Schema\Builder->build(Object(Illuminate\Database\Schema\Blueprint))
#8 /mnt/c/Users/ldmk/LinuxDebian/lundmark/dbwebb-kurser/ramverk1/me/kmom10/low-octane/vendor/flarum/core/src/Database/DatabaseMigrationRepository.php(103): Illuminate\Database\Schema\Builder->create('migrations', Object(Closure))
#9 /mnt/c/Users/ldmk/LinuxDebian/lundmark/dbwebb-kurser/ramverk1/me/kmom10/low-octane/vendor/flarum/core/src/Install/Steps/RunMigrations.php(45): Flarum\Database\DatabaseMigrationRepository->createRepository()
#10 /mnt/c/Users/ldmk/LinuxDebian/lundmark/dbwebb-kurser/ramverk1/me/kmom10/low-octane/vendor/flarum/core/src/Install/Pipeline.php(78): Flarum\Install\Steps\RunMigrations->run()
#11 /mnt/c/Users/ldmk/LinuxDebian/lundmark/dbwebb-kurser/ramverk1/me/kmom10/low-octane/vendor/flarum/core/src/Install/Pipeline.php(57): Flarum\Install\Pipeline->runStep(Object(Closure))
#12 /mnt/c/Users/ldmk/LinuxDebian/lundmark/dbwebb-kurser/ramverk1/me/kmom10/low-octane/vendor/flarum/core/src/Install/Console/InstallCommand.php(110): Flarum\Install\Pipeline->run()
#13 /mnt/c/Users/ldmk/LinuxDebian/lundmark/dbwebb-kurser/ramverk1/me/kmom10/low-octane/vendor/flarum/core/src/Install/Console/InstallCommand.php(94): Flarum\Install\Console\InstallCommand->runPipeline(Object(Flarum\Install\Pipeline))
#14 /mnt/c/Users/ldmk/LinuxDebian/lundmark/dbwebb-kurser/ramverk1/me/kmom10/low-octane/vendor/flarum/core/src/Install/Console/InstallCommand.php(71): Flarum\Install\Console\InstallCommand->install()
#15 /mnt/c/Users/ldmk/LinuxDebian/lundmark/dbwebb-kurser/ramverk1/me/kmom10/low-octane/vendor/flarum/core/src/Console/AbstractCommand.php(37): Flarum\Install\Console\InstallCommand->fire()
#16 /mnt/c/Users/ldmk/LinuxDebian/lundmark/dbwebb-kurser/ramverk1/me/kmom10/low-octane/vendor/symfony/console/Command/Command.php(255): Flarum\Console\AbstractCommand->execute(Object(Symfony\Component\Console\Input\ArgvInput), Object(Symfony\Component\Console\Output\ConsoleOutput))
#17 /mnt/c/Users/ldmk/LinuxDebian/lundmark/dbwebb-kurser/ramverk1/me/kmom10/low-octane/vendor/symfony/console/Application.php(1027): Symfony\Component\Console\Command\Command->run(Object(Symfony\Component\Console\Input\ArgvInput), Object(Symfony\Component\Console\Output\ConsoleOutput))
#18 /mnt/c/Users/ldmk/LinuxDebian/lundmark/dbwebb-kurser/ramverk1/me/kmom10/low-octane/vendor/symfony/console/Application.php(273): Symfony\Component\Console\Application->doRunCommand(Object(Flarum\Install\Console\InstallCommand), Object(Symfony\Component\Console\Input\ArgvInput), Object(Symfony\Component\Console\Output\ConsoleOutput))
#19 /mnt/c/Users/ldmk/LinuxDebian/lundmark/dbwebb-kurser/ramverk1/me/kmom10/low-octane/vendor/symfony/console/Application.php(149): Symfony\Component\Console\Application->doRun(Object(Symfony\Component\Console\Input\ArgvInput), Object(Symfony\Component\Console\Output\ConsoleOutput))
#20 /mnt/c/Users/ldmk/LinuxDebian/lundmark/dbwebb-kurser/ramverk1/me/kmom10/low-octane/vendor/flarum/core/src/Console/Server.php(42): Symfony\Component\Console\Application->run()
#21 /mnt/c/Users/ldmk/LinuxDebian/lundmark/dbwebb-kurser/ramverk1/me/kmom10/low-octane/flarum(24): Flarum\Console\Server->listen()
#22 {main}

Next Illuminate\Database\QueryException: SQLSTATE[42000]: Syntax error or access violation: 1142 CREATE command denied to user 'lundmark'@'localhost' for table 'migrations' (SQL: create table `migrations` (`migration` varchar(255) not null, `extension` varchar(255) null) default character set utf8mb4 collate 'utf8mb4_unicode_ci' engine = InnoDB) in /mnt/c/Users/ldmk/LinuxDebian/lundmark/dbwebb-kurser/ramverk1/me/kmom10/low-octane/vendor/illuminate/database/Connection.php:669
Stack trace:
#0 /mnt/c/Users/ldmk/LinuxDebian/lundmark/dbwebb-kurser/ramverk1/me/kmom10/low-octane/vendor/illuminate/database/Connection.php(629): Illuminate\Database\Connection->runQueryCallback('create table `m...', Array, Object(Closure))
#1 /mnt/c/Users/ldmk/LinuxDebian/lundmark/dbwebb-kurser/ramverk1/me/kmom10/low-octane/vendor/illuminate/database/Connection.php(464): Illuminate\Database\Connection->run('create table `m...', Array, Object(Closure))
#2 /mnt/c/Users/ldmk/LinuxDebian/lundmark/dbwebb-kurser/ramverk1/me/kmom10/low-octane/vendor/illuminate/database/Schema/Blueprint.php(97): Illuminate\Database\Connection->statement('create table `m...')
#3 /mnt/c/Users/ldmk/LinuxDebian/lundmark/dbwebb-kurser/ramverk1/me/kmom10/low-octane/vendor/illuminate/database/Schema/Builder.php(290): Illuminate\Database\Schema\Blueprint->build(Object(Illuminate\Database\MySqlConnection), Object(Illuminate\Database\Schema\Grammars\MySqlGrammar))
#4 /mnt/c/Users/ldmk/LinuxDebian/lundmark/dbwebb-kurser/ramverk1/me/kmom10/low-octane/vendor/illuminate/database/Schema/Builder.php(167): Illuminate\Database\Schema\Builder->build(Object(Illuminate\Database\Schema\Blueprint))
#5 /mnt/c/Users/ldmk/LinuxDebian/lundmark/dbwebb-kurser/ramverk1/me/kmom10/low-octane/vendor/flarum/core/src/Database/DatabaseMigrationRepository.php(103): Illuminate\Database\Schema\Builder->create('migrations', Object(Closure))
#6 /mnt/c/Users/ldmk/LinuxDebian/lundmark/dbwebb-kurser/ramverk1/me/kmom10/low-octane/vendor/flarum/core/src/Install/Steps/RunMigrations.php(45): Flarum\Database\DatabaseMigrationRepository->createRepository()
#7 /mnt/c/Users/ldmk/LinuxDebian/lundmark/dbwebb-kurser/ramverk1/me/kmom10/low-octane/vendor/flarum/core/src/Install/Pipeline.php(78): Flarum\Install\Steps\RunMigrations->run()
#8 /mnt/c/Users/ldmk/LinuxDebian/lundmark/dbwebb-kurser/ramverk1/me/kmom10/low-octane/vendor/flarum/core/src/Install/Pipeline.php(57): Flarum\Install\Pipeline->runStep(Object(Closure))
#9 /mnt/c/Users/ldmk/LinuxDebian/lundmark/dbwebb-kurser/ramverk1/me/kmom10/low-octane/vendor/flarum/core/src/Install/Console/InstallCommand.php(110): Flarum\Install\Pipeline->run()
#10 /mnt/c/Users/ldmk/LinuxDebian/lundmark/dbwebb-kurser/ramverk1/me/kmom10/low-octane/vendor/flarum/core/src/Install/Console/InstallCommand.php(94): Flarum\Install\Console\InstallCommand->runPipeline(Object(Flarum\Install\Pipeline))
#11 /mnt/c/Users/ldmk/LinuxDebian/lundmark/dbwebb-kurser/ramverk1/me/kmom10/low-octane/vendor/flarum/core/src/Install/Console/InstallCommand.php(71): Flarum\Install\Console\InstallCommand->install()
#12 /mnt/c/Users/ldmk/LinuxDebian/lundmark/dbwebb-kurser/ramverk1/me/kmom10/low-octane/vendor/flarum/core/src/Console/AbstractCommand.php(37): Flarum\Install\Console\InstallCommand->fire()
#13 /mnt/c/Users/ldmk/LinuxDebian/lundmark/dbwebb-kurser/ramverk1/me/kmom10/low-octane/vendor/symfony/console/Command/Command.php(255): Flarum\Console\AbstractCommand->execute(Object(Symfony\Component\Console\Input\ArgvInput), Object(Symfony\Component\Console\Output\ConsoleOutput))
#14 /mnt/c/Users/ldmk/LinuxDebian/lundmark/dbwebb-kurser/ramverk1/me/kmom10/low-octane/vendor/symfony/console/Application.php(1027): Symfony\Component\Console\Command\Command->run(Object(Symfony\Component\Console\Input\ArgvInput), Object(Symfony\Component\Console\Output\ConsoleOutput))
#15 /mnt/c/Users/ldmk/LinuxDebian/lundmark/dbwebb-kurser/ramverk1/me/kmom10/low-octane/vendor/symfony/console/Application.php(273): Symfony\Component\Console\Application->doRunCommand(Object(Flarum\Install\Console\InstallCommand), Object(Symfony\Component\Console\Input\ArgvInput), Object(Symfony\Component\Console\Output\ConsoleOutput))
#16 /mnt/c/Users/ldmk/LinuxDebian/lundmark/dbwebb-kurser/ramverk1/me/kmom10/low-octane/vendor/symfony/console/Application.php(149): Symfony\Component\Console\Application->doRun(Object(Symfony\Component\Console\Input\ArgvInput), Object(Symfony\Component\Console\Output\ConsoleOutput))
#17 /mnt/c/Users/ldmk/LinuxDebian/lundmark/dbwebb-kurser/ramverk1/me/kmom10/low-octane/vendor/flarum/core/src/Console/Server.php(42): Symfony\Component\Console\Application->run()
#18 /mnt/c/Users/ldmk/LinuxDebian/lundmark/dbwebb-kurser/ramverk1/me/kmom10/low-octane/flarum(24): Flarum\Console\Server->listen()
#19 {main}

Next Flarum\Install\StepFailed: Step failed in /mnt/c/Users/ldmk/LinuxDebian/lundmark/dbwebb-kurser/ramverk1/me/kmom10/low-octane/vendor/flarum/core/src/Install/Pipeline.php:85
Stack trace:
#0 /mnt/c/Users/ldmk/LinuxDebian/lundmark/dbwebb-kurser/ramverk1/me/kmom10/low-octane/vendor/flarum/core/src/Install/Pipeline.php(57): Flarum\Install\Pipeline->runStep(Object(Closure))
#1 /mnt/c/Users/ldmk/LinuxDebian/lundmark/dbwebb-kurser/ramverk1/me/kmom10/low-octane/vendor/flarum/core/src/Install/Console/InstallCommand.php(110): Flarum\Install\Pipeline->run()
#2 /mnt/c/Users/ldmk/LinuxDebian/lundmark/dbwebb-kurser/ramverk1/me/kmom10/low-octane/vendor/flarum/core/src/Install/Console/InstallCommand.php(94): Flarum\Install\Console\InstallCommand->runPipeline(Object(Flarum\Install\Pipeline))
#3 /mnt/c/Users/ldmk/LinuxDebian/lundmark/dbwebb-kurser/ramverk1/me/kmom10/low-octane/vendor/flarum/core/src/Install/Console/InstallCommand.php(71): Flarum\Install\Console\InstallCommand->install()
#4 /mnt/c/Users/ldmk/LinuxDebian/lundmark/dbwebb-kurser/ramverk1/me/kmom10/low-octane/vendor/flarum/core/src/Console/AbstractCommand.php(37): Flarum\Install\Console\InstallCommand->fire()
#5 /mnt/c/Users/ldmk/LinuxDebian/lundmark/dbwebb-kurser/ramverk1/me/kmom10/low-octane/vendor/symfony/console/Command/Command.php(255): Flarum\Console\AbstractCommand->execute(Object(Symfony\Component\Console\Input\ArgvInput), Object(Symfony\Component\Console\Output\ConsoleOutput))
#6 /mnt/c/Users/ldmk/LinuxDebian/lundmark/dbwebb-kurser/ramverk1/me/kmom10/low-octane/vendor/symfony/console/Application.php(1027): Symfony\Component\Console\Command\Command->run(Object(Symfony\Component\Console\Input\ArgvInput), Object(Symfony\Component\Console\Output\ConsoleOutput))
#7 /mnt/c/Users/ldmk/LinuxDebian/lundmark/dbwebb-kurser/ramverk1/me/kmom10/low-octane/vendor/symfony/console/Application.php(273): Symfony\Component\Console\Application->doRunCommand(Object(Flarum\Install\Console\InstallCommand), Object(Symfony\Component\Console\Input\ArgvInput), Object(Symfony\Component\Console\Output\ConsoleOutput))
#8 /mnt/c/Users/ldmk/LinuxDebian/lundmark/dbwebb-kurser/ramverk1/me/kmom10/low-octane/vendor/symfony/console/Application.php(149): Symfony\Component\Console\Application->doRun(Object(Symfony\Component\Console\Input\ArgvInput), Object(Symfony\Component\Console\Output\ConsoleOutput))
#9 /mnt/c/Users/ldmk/LinuxDebian/lundmark/dbwebb-kurser/ramverk1/me/kmom10/low-octane/vendor/flarum/core/src/Console/Server.php(42): Symfony\Component\Console\Application->run()
#10 /mnt/c/Users/ldmk/LinuxDebian/lundmark/dbwebb-kurser/ramverk1/me/kmom10/low-octane/flarum(24): Flarum\Console\Server->listen()
#11 {main}  
