[2021-01-07 15:31:28] flarum.ERROR: Swift_TransportException: Process could not be started [The system cannot find the path specified.
] in C:\Users\Ldmk\LinuxDebian\lundmark\dbwebb-kurser\ramverk1\me\kmom10\low-octane\vendor\swiftmailer\swiftmailer\lib\classes\Swift\Transport\StreamBuffer.php:294
Stack trace:
#0 C:\Users\Ldmk\LinuxDebian\lundmark\dbwebb-kurser\ramverk1\me\kmom10\low-octane\vendor\swiftmailer\swiftmailer\lib\classes\Swift\Transport\StreamBuffer.php(54): Swift_Transport_StreamBuffer->establishProcessConnection()
#1 C:\Users\Ldmk\LinuxDebian\lundmark\dbwebb-kurser\ramverk1\me\kmom10\low-octane\vendor\swiftmailer\swiftmailer\lib\classes\Swift\Transport\AbstractSmtpTransport.php(143): Swift_Transport_StreamBuffer->initialize(Array)
#2 C:\Users\Ldmk\LinuxDebian\lundmark\dbwebb-kurser\ramverk1\me\kmom10\low-octane\vendor\swiftmailer\swiftmailer\lib\classes\Swift\Transport\SendmailTransport.php(50): Swift_Transport_AbstractSmtpTransport->start()
#3 C:\Users\Ldmk\LinuxDebian\lundmark\dbwebb-kurser\ramverk1\me\kmom10\low-octane\vendor\swiftmailer\swiftmailer\lib\classes\Swift\Mailer.php(65): Swift_Transport_SendmailTransport->start()
#4 C:\Users\Ldmk\LinuxDebian\lundmark\dbwebb-kurser\ramverk1\me\kmom10\low-octane\vendor\illuminate\mail\Mailer.php(488): Swift_Mailer->send(Object(Swift_Message), Array)
#5 C:\Users\Ldmk\LinuxDebian\lundmark\dbwebb-kurser\ramverk1\me\kmom10\low-octane\vendor\illuminate\mail\Mailer.php(261): Illuminate\Mail\Mailer->sendSwiftMessage(Object(Swift_Message))
#6 C:\Users\Ldmk\LinuxDebian\lundmark\dbwebb-kurser\ramverk1\me\kmom10\low-octane\vendor\illuminate\mail\Mailer.php(185): Illuminate\Mail\Mailer->send(NULL, Array, Object(Closure))
#7 C:\Users\Ldmk\LinuxDebian\lundmark\dbwebb-kurser\ramverk1\me\kmom10\low-octane\vendor\flarum\core\src\Mail\Job\SendRawEmailJob.php(34): Illuminate\Mail\Mailer->raw('Hey testuser!\n\n...', Object(Closure))
#8 C:\Users\Ldmk\LinuxDebian\lundmark\dbwebb-kurser\ramverk1\me\kmom10\low-octane\vendor\illuminate\container\BoundMethod.php(36): Flarum\Mail\Job\SendRawEmailJob->handle(Object(Illuminate\Mail\Mailer))
#9 C:\Users\Ldmk\LinuxDebian\lundmark\dbwebb-kurser\ramverk1\me\kmom10\low-octane\vendor\illuminate\container\Util.php(37): Illuminate\Container\BoundMethod::Illuminate\Container\{closure}()
#10 C:\Users\Ldmk\LinuxDebian\lundmark\dbwebb-kurser\ramverk1\me\kmom10\low-octane\vendor\illuminate\container\BoundMethod.php(93): Illuminate\Container\Util::unwrapIfClosure(Object(Closure))
#11 C:\Users\Ldmk\LinuxDebian\lundmark\dbwebb-kurser\ramverk1\me\kmom10\low-octane\vendor\illuminate\container\BoundMethod.php(37): Illuminate\Container\BoundMethod::callBoundMethod(Object(Illuminate\Container\Container), Array, Object(Closure))
#12 C:\Users\Ldmk\LinuxDebian\lundmark\dbwebb-kurser\ramverk1\me\kmom10\low-octane\vendor\illuminate\container\Container.php(590): Illuminate\Container\BoundMethod::call(Object(Illuminate\Container\Container), Array, Array, NULL)
#13 C:\Users\Ldmk\LinuxDebian\lundmark\dbwebb-kurser\ramverk1\me\kmom10\low-octane\vendor\illuminate\bus\Dispatcher.php(94): Illuminate\Container\Container->call(Array)
#14 C:\Users\Ldmk\LinuxDebian\lundmark\dbwebb-kurser\ramverk1\me\kmom10\low-octane\vendor\illuminate\pipeline\Pipeline.php(130): Illuminate\Bus\Dispatcher->Illuminate\Bus\{closure}(Object(Flarum\Mail\Job\SendRawEmailJob))
#15 C:\Users\Ldmk\LinuxDebian\lundmark\dbwebb-kurser\ramverk1\me\kmom10\low-octane\vendor\illuminate\pipeline\Pipeline.php(105): Illuminate\Pipeline\Pipeline->Illuminate\Pipeline\{closure}(Object(Flarum\Mail\Job\SendRawEmailJob))
#16 C:\Users\Ldmk\LinuxDebian\lundmark\dbwebb-kurser\ramverk1\me\kmom10\low-octane\vendor\illuminate\bus\Dispatcher.php(98): Illuminate\Pipeline\Pipeline->then(Object(Closure))
#17 C:\Users\Ldmk\LinuxDebian\lundmark\dbwebb-kurser\ramverk1\me\kmom10\low-octane\vendor\illuminate\queue\CallQueuedHandler.php(83): Illuminate\Bus\Dispatcher->dispatchNow(Object(Flarum\Mail\Job\SendRawEmailJob), false)
#18 C:\Users\Ldmk\LinuxDebian\lundmark\dbwebb-kurser\ramverk1\me\kmom10\low-octane\vendor\illuminate\pipeline\Pipeline.php(130): Illuminate\Queue\CallQueuedHandler->Illuminate\Queue\{closure}(Object(Flarum\Mail\Job\SendRawEmailJob))
#19 C:\Users\Ldmk\LinuxDebian\lundmark\dbwebb-kurser\ramverk1\me\kmom10\low-octane\vendor\illuminate\pipeline\Pipeline.php(105): Illuminate\Pipeline\Pipeline->Illuminate\Pipeline\{closure}(Object(Flarum\Mail\Job\SendRawEmailJob))
#20 C:\Users\Ldmk\LinuxDebian\lundmark\dbwebb-kurser\ramverk1\me\kmom10\low-octane\vendor\illuminate\queue\CallQueuedHandler.php(85): Illuminate\Pipeline\Pipeline->then(Object(Closure))
#21 C:\Users\Ldmk\LinuxDebian\lundmark\dbwebb-kurser\ramverk1\me\kmom10\low-octane\vendor\illuminate\queue\CallQueuedHandler.php(59): Illuminate\Queue\CallQueuedHandler->dispatchThroughMiddleware(Object(Illuminate\Queue\Jobs\SyncJob), Object(Flarum\Mail\Job\SendRawEmailJob))
#22 C:\Users\Ldmk\LinuxDebian\lundmark\dbwebb-kurser\ramverk1\me\kmom10\low-octane\vendor\illuminate\queue\Jobs\Job.php(88): Illuminate\Queue\CallQueuedHandler->call(Object(Illuminate\Queue\Jobs\SyncJob), Array)
#23 C:\Users\Ldmk\LinuxDebian\lundmark\dbwebb-kurser\ramverk1\me\kmom10\low-octane\vendor\illuminate\queue\SyncQueue.php(45): Illuminate\Queue\Jobs\Job->fire()
#24 C:\Users\Ldmk\LinuxDebian\lundmark\dbwebb-kurser\ramverk1\me\kmom10\low-octane\vendor\flarum\core\src\User\AccountActivationMailer.php(68): Illuminate\Queue\SyncQueue->push(Object(Flarum\Mail\Job\SendRawEmailJob))
#25 C:\Users\Ldmk\LinuxDebian\lundmark\dbwebb-kurser\ramverk1\me\kmom10\low-octane\vendor\illuminate\events\Dispatcher.php(389): Flarum\User\AccountActivationMailer->handle(Object(Flarum\User\Event\Registered))
#26 C:\Users\Ldmk\LinuxDebian\lundmark\dbwebb-kurser\ramverk1\me\kmom10\low-octane\vendor\illuminate\events\Dispatcher.php(218): Illuminate\Events\Dispatcher->Illuminate\Events\{closure}('Flarum\\User\\Eve...', Array)
#27 C:\Users\Ldmk\LinuxDebian\lundmark\dbwebb-kurser\ramverk1\me\kmom10\low-octane\vendor\flarum\core\src\Foundation\DispatchEventsTrait.php(33): Illuminate\Events\Dispatcher->dispatch('Flarum\\User\\Eve...')
#28 C:\Users\Ldmk\LinuxDebian\lundmark\dbwebb-kurser\ramverk1\me\kmom10\low-octane\vendor\flarum\core\src\User\Command\RegisterUserHandler.php(112): Flarum\User\Command\RegisterUserHandler->dispatchEventsFor(Object(Flarum\User\User), Object(Flarum\User\Guest))
#29 C:\Users\Ldmk\LinuxDebian\lundmark\dbwebb-kurser\ramverk1\me\kmom10\low-octane\vendor\illuminate\bus\Dispatcher.php(90): Flarum\User\Command\RegisterUserHandler->handle(Object(Flarum\User\Command\RegisterUser))
#30 C:\Users\Ldmk\LinuxDebian\lundmark\dbwebb-kurser\ramverk1\me\kmom10\low-octane\vendor\illuminate\pipeline\Pipeline.php(130): Illuminate\Bus\Dispatcher->Illuminate\Bus\{closure}(Object(Flarum\User\Command\RegisterUser))
#31 C:\Users\Ldmk\LinuxDebian\lundmark\dbwebb-kurser\ramverk1\me\kmom10\low-octane\vendor\illuminate\pipeline\Pipeline.php(105): Illuminate\Pipeline\Pipeline->Illuminate\Pipeline\{closure}(Object(Flarum\User\Command\RegisterUser))
#32 C:\Users\Ldmk\LinuxDebian\lundmark\dbwebb-kurser\ramverk1\me\kmom10\low-octane\vendor\illuminate\bus\Dispatcher.php(98): Illuminate\Pipeline\Pipeline->then(Object(Closure))
#33 C:\Users\Ldmk\LinuxDebian\lundmark\dbwebb-kurser\ramverk1\me\kmom10\low-octane\vendor\illuminate\bus\Dispatcher.php(76): Illuminate\Bus\Dispatcher->dispatchNow(Object(Flarum\User\Command\RegisterUser))
#34 C:\Users\Ldmk\LinuxDebian\lundmark\dbwebb-kurser\ramverk1\me\kmom10\low-octane\vendor\flarum\core\src\Api\Controller\CreateUserController.php(45): Illuminate\Bus\Dispatcher->dispatch(Object(Flarum\User\Command\RegisterUser))
#35 C:\Users\Ldmk\LinuxDebian\lundmark\dbwebb-kurser\ramverk1\me\kmom10\low-octane\vendor\flarum\core\src\Api\Controller\AbstractSerializeController.php(115): Flarum\Api\Controller\CreateUserController->data(Object(Laminas\Diactoros\ServerRequest), Object(Tobscure\JsonApi\Document))
#36 C:\Users\Ldmk\LinuxDebian\lundmark\dbwebb-kurser\ramverk1\me\kmom10\low-octane\vendor\flarum\core\src\Api\Controller\AbstractCreateController.php(22): Flarum\Api\Controller\AbstractSerializeController->handle(Object(Laminas\Diactoros\ServerRequest))
#37 C:\Users\Ldmk\LinuxDebian\lundmark\dbwebb-kurser\ramverk1\me\kmom10\low-octane\vendor\flarum\core\src\Api\Client.php(72): Flarum\Api\Controller\AbstractCreateController->handle(Object(Laminas\Diactoros\ServerRequest))
#38 C:\Users\Ldmk\LinuxDebian\lundmark\dbwebb-kurser\ramverk1\me\kmom10\low-octane\vendor\flarum\core\src\Forum\Controller\RegisterController.php(58): Flarum\Api\Client->send(Object(Flarum\Api\Controller\CreateUserController), Object(Flarum\User\Guest), Array, Array)
#39 C:\Users\Ldmk\LinuxDebian\lundmark\dbwebb-kurser\ramverk1\me\kmom10\low-octane\vendor\flarum\core\src\Http\RouteHandlerFactory.php(38): Flarum\Forum\Controller\RegisterController->handle(Object(Laminas\Diactoros\ServerRequest))
#40 C:\Users\Ldmk\LinuxDebian\lundmark\dbwebb-kurser\ramverk1\me\kmom10\low-octane\vendor\flarum\core\src\Http\Middleware\ExecuteRoute.php(27): Flarum\Http\RouteHandlerFactory->Flarum\Http\{closure}(Object(Laminas\Diactoros\ServerRequest), Array)
#41 C:\Users\Ldmk\LinuxDebian\lundmark\dbwebb-kurser\ramverk1\me\kmom10\low-octane\vendor\laminas\laminas-stratigility\src\Next.php(61): Flarum\Http\Middleware\ExecuteRoute->process(Object(Laminas\Diactoros\ServerRequest), Object(Closure))
#42 C:\Users\Ldmk\LinuxDebian\lundmark\dbwebb-kurser\ramverk1\me\kmom10\low-octane\vendor\flarum\core\src\Http\Middleware\ShareErrorsFromSession.php(57): Laminas\Stratigility\Next->handle(Object(Laminas\Diactoros\ServerRequest))
#43 C:\Users\Ldmk\LinuxDebian\lundmark\dbwebb-kurser\ramverk1\me\kmom10\low-octane\vendor\laminas\laminas-stratigility\src\Next.php(61): Flarum\Http\Middleware\ShareErrorsFromSession->process(Object(Laminas\Diactoros\ServerRequest), Object(Laminas\Stratigility\Next))
#44 C:\Users\Ldmk\LinuxDebian\lundmark\dbwebb-kurser\ramverk1\me\kmom10\low-octane\vendor\flarum\core\src\Http\Middleware\CheckCsrfToken.php(48): Laminas\Stratigility\Next->handle(Object(Laminas\Diactoros\ServerRequest))
#45 C:\Users\Ldmk\LinuxDebian\lundmark\dbwebb-kurser\ramverk1\me\kmom10\low-octane\vendor\laminas\laminas-stratigility\src\Next.php(61): Flarum\Http\Middleware\CheckCsrfToken->process(Object(Laminas\Diactoros\ServerRequest), Object(Laminas\Stratigility\Next))
#46 C:\Users\Ldmk\LinuxDebian\lundmark\dbwebb-kurser\ramverk1\me\kmom10\low-octane\vendor\flarum\core\src\Http\Middleware\ResolveRoute.php(67): Laminas\Stratigility\Next->handle(Object(Laminas\Diactoros\ServerRequest))
#47 C:\Users\Ldmk\LinuxDebian\lundmark\dbwebb-kurser\ramverk1\me\kmom10\low-octane\vendor\laminas\laminas-stratigility\src\Next.php(61): Flarum\Http\Middleware\ResolveRoute->process(Object(Laminas\Diactoros\ServerRequest), Object(Laminas\Stratigility\Next))
#48 C:\Users\Ldmk\LinuxDebian\lundmark\dbwebb-kurser\ramverk1\me\kmom10\low-octane\vendor\flarum\core\src\Http\Middleware\SetLocale.php(50): Laminas\Stratigility\Next->handle(Object(Laminas\Diactoros\ServerRequest))
#49 C:\Users\Ldmk\LinuxDebian\lundmark\dbwebb-kurser\ramverk1\me\kmom10\low-octane\vendor\laminas\laminas-stratigility\src\Next.php(61): Flarum\Http\Middleware\SetLocale->process(Object(Laminas\Diactoros\ServerRequest), Object(Laminas\Stratigility\Next))
#50 C:\Users\Ldmk\LinuxDebian\lundmark\dbwebb-kurser\ramverk1\me\kmom10\low-octane\vendor\flarum\core\src\Http\Middleware\AuthenticateWithSession.php(32): Laminas\Stratigility\Next->handle(Object(Laminas\Diactoros\ServerRequest))
#51 C:\Users\Ldmk\LinuxDebian\lundmark\dbwebb-kurser\ramverk1\me\kmom10\low-octane\vendor\laminas\laminas-stratigility\src\Next.php(61): Flarum\Http\Middleware\AuthenticateWithSession->process(Object(Laminas\Diactoros\ServerRequest), Object(Laminas\Stratigility\Next))
#52 C:\Users\Ldmk\LinuxDebian\lundmark\dbwebb-kurser\ramverk1\me\kmom10\low-octane\vendor\flarum\core\src\Http\Middleware\RememberFromCookie.php(51): Laminas\Stratigility\Next->handle(Object(Laminas\Diactoros\ServerRequest))
#53 C:\Users\Ldmk\LinuxDebian\lundmark\dbwebb-kurser\ramverk1\me\kmom10\low-octane\vendor\laminas\laminas-stratigility\src\Next.php(61): Flarum\Http\Middleware\RememberFromCookie->process(Object(Laminas\Diactoros\ServerRequest), Object(Laminas\Stratigility\Next))
#54 C:\Users\Ldmk\LinuxDebian\lundmark\dbwebb-kurser\ramverk1\me\kmom10\low-octane\vendor\flarum\core\src\Http\Middleware\StartSession.php(61): Laminas\Stratigility\Next->handle(Object(Laminas\Diactoros\ServerRequest))
#55 C:\Users\Ldmk\LinuxDebian\lundmark\dbwebb-kurser\ramverk1\me\kmom10\low-octane\vendor\laminas\laminas-stratigility\src\Next.php(61): Flarum\Http\Middleware\StartSession->process(Object(Laminas\Diactoros\ServerRequest), Object(Laminas\Stratigility\Next))
#56 C:\Users\Ldmk\LinuxDebian\lundmark\dbwebb-kurser\ramverk1\me\kmom10\low-octane\vendor\flarum\core\src\Http\Middleware\CollectGarbage.php(46): Laminas\Stratigility\Next->handle(Object(Laminas\Diactoros\ServerRequest))
#57 C:\Users\Ldmk\LinuxDebian\lundmark\dbwebb-kurser\ramverk1\me\kmom10\low-octane\vendor\laminas\laminas-stratigility\src\Next.php(61): Flarum\Http\Middleware\CollectGarbage->process(Object(Laminas\Diactoros\ServerRequest), Object(Laminas\Stratigility\Next))
#58 C:\Users\Ldmk\LinuxDebian\lundmark\dbwebb-kurser\ramverk1\me\kmom10\low-octane\vendor\flarum\core\src\Http\Middleware\ParseJsonBody.php(28): Laminas\Stratigility\Next->handle(Object(Laminas\Diactoros\ServerRequest))
#59 C:\Users\Ldmk\LinuxDebian\lundmark\dbwebb-kurser\ramverk1\me\kmom10\low-octane\vendor\laminas\laminas-stratigility\src\Next.php(61): Flarum\Http\Middleware\ParseJsonBody->process(Object(Laminas\Diactoros\ServerRequest), Object(Laminas\Stratigility\Next))
#60 C:\Users\Ldmk\LinuxDebian\lundmark\dbwebb-kurser\ramverk1\me\kmom10\low-octane\vendor\flarum\core\src\Http\Middleware\HandleErrors.php(57): Laminas\Stratigility\Next->handle(Object(Laminas\Diactoros\ServerRequest))
#61 C:\Users\Ldmk\LinuxDebian\lundmark\dbwebb-kurser\ramverk1\me\kmom10\low-octane\vendor\laminas\laminas-stratigility\src\Next.php(61): Flarum\Http\Middleware\HandleErrors->process(Object(Laminas\Diactoros\ServerRequest), Object(Laminas\Stratigility\Next))
#62 C:\Users\Ldmk\LinuxDebian\lundmark\dbwebb-kurser\ramverk1\me\kmom10\low-octane\vendor\laminas\laminas-stratigility\src\MiddlewarePipe.php(84): Laminas\Stratigility\Next->handle(Object(Laminas\Diactoros\ServerRequest))
#63 C:\Users\Ldmk\LinuxDebian\lundmark\dbwebb-kurser\ramverk1\me\kmom10\low-octane\vendor\middlewares\request-handler\src\RequestHandler.php(84): Laminas\Stratigility\MiddlewarePipe->process(Object(Laminas\Diactoros\ServerRequest), Object(Laminas\Stratigility\Next))
#64 C:\Users\Ldmk\LinuxDebian\lundmark\dbwebb-kurser\ramverk1\me\kmom10\low-octane\vendor\laminas\laminas-stratigility\src\Next.php(61): Middlewares\RequestHandler->process(Object(Laminas\Diactoros\ServerRequest), Object(Laminas\Stratigility\Next))
#65 C:\Users\Ldmk\LinuxDebian\lundmark\dbwebb-kurser\ramverk1\me\kmom10\low-octane\vendor\middlewares\base-path-router\src\BasePathRouter.php(97): Laminas\Stratigility\Next->handle(Object(Laminas\Diactoros\ServerRequest))
#66 C:\Users\Ldmk\LinuxDebian\lundmark\dbwebb-kurser\ramverk1\me\kmom10\low-octane\vendor\laminas\laminas-stratigility\src\Next.php(61): Middlewares\BasePathRouter->process(Object(Laminas\Diactoros\ServerRequest), Object(Laminas\Stratigility\Next))
#67 C:\Users\Ldmk\LinuxDebian\lundmark\dbwebb-kurser\ramverk1\me\kmom10\low-octane\vendor\laminas\laminas-stratigility\src\Middleware\OriginalMessages.php(42): Laminas\Stratigility\Next->handle(Object(Laminas\Diactoros\ServerRequest))
#68 C:\Users\Ldmk\LinuxDebian\lundmark\dbwebb-kurser\ramverk1\me\kmom10\low-octane\vendor\laminas\laminas-stratigility\src\Next.php(61): Laminas\Stratigility\Middleware\OriginalMessages->process(Object(Laminas\Diactoros\ServerRequest), Object(Laminas\Stratigility\Next))
#69 C:\Users\Ldmk\LinuxDebian\lundmark\dbwebb-kurser\ramverk1\me\kmom10\low-octane\vendor\middlewares\base-path\src\BasePath.php(53): Laminas\Stratigility\Next->handle(Object(Laminas\Diactoros\ServerRequest))
#70 C:\Users\Ldmk\LinuxDebian\lundmark\dbwebb-kurser\ramverk1\me\kmom10\low-octane\vendor\laminas\laminas-stratigility\src\Next.php(61): Middlewares\BasePath->process(Object(Laminas\Diactoros\ServerRequest), Object(Laminas\Stratigility\Next))
#71 C:\Users\Ldmk\LinuxDebian\lundmark\dbwebb-kurser\ramverk1\me\kmom10\low-octane\vendor\laminas\laminas-stratigility\src\MiddlewarePipe.php(84): Laminas\Stratigility\Next->handle(Object(Laminas\Diactoros\ServerRequest))
#72 C:\Users\Ldmk\LinuxDebian\lundmark\dbwebb-kurser\ramverk1\me\kmom10\low-octane\vendor\laminas\laminas-stratigility\src\MiddlewarePipe.php(73): Laminas\Stratigility\MiddlewarePipe->process(Object(Laminas\Diactoros\ServerRequest), Object(Laminas\Stratigility\EmptyPipelineHandler))
#73 C:\Users\Ldmk\LinuxDebian\lundmark\dbwebb-kurser\ramverk1\me\kmom10\low-octane\vendor\laminas\laminas-httphandlerrunner\src\RequestHandlerRunner.php(96): Laminas\Stratigility\MiddlewarePipe->handle(Object(Laminas\Diactoros\ServerRequest))
#74 C:\Users\Ldmk\LinuxDebian\lundmark\dbwebb-kurser\ramverk1\me\kmom10\low-octane\vendor\flarum\core\src\Http\Server.php(42): Laminas\HttpHandlerRunner\RequestHandlerRunner->run()
#75 c:\users\ldmk\linuxdebian\lundmark\dbwebb-kurser\ramverk1\me\kmom10\low-octane\public\index.php(26): Flarum\Http\Server->listen()
#76 {main}  
[2021-01-07 15:31:28] flarum.ERROR: Swift_TransportException: Process could not be started [The system cannot find the path specified.
] in C:\Users\Ldmk\LinuxDebian\lundmark\dbwebb-kurser\ramverk1\me\kmom10\low-octane\vendor\swiftmailer\swiftmailer\lib\classes\Swift\Transport\StreamBuffer.php:294
Stack trace:
#0 C:\Users\Ldmk\LinuxDebian\lundmark\dbwebb-kurser\ramverk1\me\kmom10\low-octane\vendor\swiftmailer\swiftmailer\lib\classes\Swift\Transport\StreamBuffer.php(54): Swift_Transport_StreamBuffer->establishProcessConnection()
#1 C:\Users\Ldmk\LinuxDebian\lundmark\dbwebb-kurser\ramverk1\me\kmom10\low-octane\vendor\swiftmailer\swiftmailer\lib\classes\Swift\Transport\AbstractSmtpTransport.php(143): Swift_Transport_StreamBuffer->initialize(Array)
#2 C:\Users\Ldmk\LinuxDebian\lundmark\dbwebb-kurser\ramverk1\me\kmom10\low-octane\vendor\swiftmailer\swiftmailer\lib\classes\Swift\Transport\SendmailTransport.php(50): Swift_Transport_AbstractSmtpTransport->start()
#3 C:\Users\Ldmk\LinuxDebian\lundmark\dbwebb-kurser\ramverk1\me\kmom10\low-octane\vendor\swiftmailer\swiftmailer\lib\classes\Swift\Mailer.php(65): Swift_Transport_SendmailTransport->start()
#4 C:\Users\Ldmk\LinuxDebian\lundmark\dbwebb-kurser\ramverk1\me\kmom10\low-octane\vendor\illuminate\mail\Mailer.php(488): Swift_Mailer->send(Object(Swift_Message), Array)
#5 C:\Users\Ldmk\LinuxDebian\lundmark\dbwebb-kurser\ramverk1\me\kmom10\low-octane\vendor\illuminate\mail\Mailer.php(261): Illuminate\Mail\Mailer->sendSwiftMessage(Object(Swift_Message))
#6 C:\Users\Ldmk\LinuxDebian\lundmark\dbwebb-kurser\ramverk1\me\kmom10\low-octane\vendor\illuminate\mail\Mailer.php(185): Illuminate\Mail\Mailer->send(NULL, Array, Object(Closure))
#7 C:\Users\Ldmk\LinuxDebian\lundmark\dbwebb-kurser\ramverk1\me\kmom10\low-octane\vendor\flarum\core\src\Mail\Job\SendRawEmailJob.php(34): Illuminate\Mail\Mailer->raw('Hey testuser!\n\n...', Object(Closure))
#8 C:\Users\Ldmk\LinuxDebian\lundmark\dbwebb-kurser\ramverk1\me\kmom10\low-octane\vendor\illuminate\container\BoundMethod.php(36): Flarum\Mail\Job\SendRawEmailJob->handle(Object(Illuminate\Mail\Mailer))
#9 C:\Users\Ldmk\LinuxDebian\lundmark\dbwebb-kurser\ramverk1\me\kmom10\low-octane\vendor\illuminate\container\Util.php(37): Illuminate\Container\BoundMethod::Illuminate\Container\{closure}()
#10 C:\Users\Ldmk\LinuxDebian\lundmark\dbwebb-kurser\ramverk1\me\kmom10\low-octane\vendor\illuminate\container\BoundMethod.php(93): Illuminate\Container\Util::unwrapIfClosure(Object(Closure))
#11 C:\Users\Ldmk\LinuxDebian\lundmark\dbwebb-kurser\ramverk1\me\kmom10\low-octane\vendor\illuminate\container\BoundMethod.php(37): Illuminate\Container\BoundMethod::callBoundMethod(Object(Illuminate\Container\Container), Array, Object(Closure))
#12 C:\Users\Ldmk\LinuxDebian\lundmark\dbwebb-kurser\ramverk1\me\kmom10\low-octane\vendor\illuminate\container\Container.php(590): Illuminate\Container\BoundMethod::call(Object(Illuminate\Container\Container), Array, Array, NULL)
#13 C:\Users\Ldmk\LinuxDebian\lundmark\dbwebb-kurser\ramverk1\me\kmom10\low-octane\vendor\illuminate\bus\Dispatcher.php(94): Illuminate\Container\Container->call(Array)
#14 C:\Users\Ldmk\LinuxDebian\lundmark\dbwebb-kurser\ramverk1\me\kmom10\low-octane\vendor\illuminate\pipeline\Pipeline.php(130): Illuminate\Bus\Dispatcher->Illuminate\Bus\{closure}(Object(Flarum\Mail\Job\SendRawEmailJob))
#15 C:\Users\Ldmk\LinuxDebian\lundmark\dbwebb-kurser\ramverk1\me\kmom10\low-octane\vendor\illuminate\pipeline\Pipeline.php(105): Illuminate\Pipeline\Pipeline->Illuminate\Pipeline\{closure}(Object(Flarum\Mail\Job\SendRawEmailJob))
#16 C:\Users\Ldmk\LinuxDebian\lundmark\dbwebb-kurser\ramverk1\me\kmom10\low-octane\vendor\illuminate\bus\Dispatcher.php(98): Illuminate\Pipeline\Pipeline->then(Object(Closure))
#17 C:\Users\Ldmk\LinuxDebian\lundmark\dbwebb-kurser\ramverk1\me\kmom10\low-octane\vendor\illuminate\queue\CallQueuedHandler.php(83): Illuminate\Bus\Dispatcher->dispatchNow(Object(Flarum\Mail\Job\SendRawEmailJob), false)
#18 C:\Users\Ldmk\LinuxDebian\lundmark\dbwebb-kurser\ramverk1\me\kmom10\low-octane\vendor\illuminate\pipeline\Pipeline.php(130): Illuminate\Queue\CallQueuedHandler->Illuminate\Queue\{closure}(Object(Flarum\Mail\Job\SendRawEmailJob))
#19 C:\Users\Ldmk\LinuxDebian\lundmark\dbwebb-kurser\ramverk1\me\kmom10\low-octane\vendor\illuminate\pipeline\Pipeline.php(105): Illuminate\Pipeline\Pipeline->Illuminate\Pipeline\{closure}(Object(Flarum\Mail\Job\SendRawEmailJob))
#20 C:\Users\Ldmk\LinuxDebian\lundmark\dbwebb-kurser\ramverk1\me\kmom10\low-octane\vendor\illuminate\queue\CallQueuedHandler.php(85): Illuminate\Pipeline\Pipeline->then(Object(Closure))
#21 C:\Users\Ldmk\LinuxDebian\lundmark\dbwebb-kurser\ramverk1\me\kmom10\low-octane\vendor\illuminate\queue\CallQueuedHandler.php(59): Illuminate\Queue\CallQueuedHandler->dispatchThroughMiddleware(Object(Illuminate\Queue\Jobs\SyncJob), Object(Flarum\Mail\Job\SendRawEmailJob))
#22 C:\Users\Ldmk\LinuxDebian\lundmark\dbwebb-kurser\ramverk1\me\kmom10\low-octane\vendor\illuminate\queue\Jobs\Job.php(88): Illuminate\Queue\CallQueuedHandler->call(Object(Illuminate\Queue\Jobs\SyncJob), Array)
#23 C:\Users\Ldmk\LinuxDebian\lundmark\dbwebb-kurser\ramverk1\me\kmom10\low-octane\vendor\illuminate\queue\SyncQueue.php(45): Illuminate\Queue\Jobs\Job->fire()
#24 C:\Users\Ldmk\LinuxDebian\lundmark\dbwebb-kurser\ramverk1\me\kmom10\low-octane\vendor\flarum\core\src\User\AccountActivationMailer.php(68): Illuminate\Queue\SyncQueue->push(Object(Flarum\Mail\Job\SendRawEmailJob))
#25 C:\Users\Ldmk\LinuxDebian\lundmark\dbwebb-kurser\ramverk1\me\kmom10\low-octane\vendor\illuminate\events\Dispatcher.php(389): Flarum\User\AccountActivationMailer->handle(Object(Flarum\User\Event\Registered))
#26 C:\Users\Ldmk\LinuxDebian\lundmark\dbwebb-kurser\ramverk1\me\kmom10\low-octane\vendor\illuminate\events\Dispatcher.php(218): Illuminate\Events\Dispatcher->Illuminate\Events\{closure}('Flarum\\User\\Eve...', Array)
#27 C:\Users\Ldmk\LinuxDebian\lundmark\dbwebb-kurser\ramverk1\me\kmom10\low-octane\vendor\flarum\core\src\Foundation\DispatchEventsTrait.php(33): Illuminate\Events\Dispatcher->dispatch('Flarum\\User\\Eve...')
#28 C:\Users\Ldmk\LinuxDebian\lundmark\dbwebb-kurser\ramverk1\me\kmom10\low-octane\vendor\flarum\core\src\User\Command\RegisterUserHandler.php(112): Flarum\User\Command\RegisterUserHandler->dispatchEventsFor(Object(Flarum\User\User), Object(Flarum\User\Guest))
#29 C:\Users\Ldmk\LinuxDebian\lundmark\dbwebb-kurser\ramverk1\me\kmom10\low-octane\vendor\illuminate\bus\Dispatcher.php(90): Flarum\User\Command\RegisterUserHandler->handle(Object(Flarum\User\Command\RegisterUser))
#30 C:\Users\Ldmk\LinuxDebian\lundmark\dbwebb-kurser\ramverk1\me\kmom10\low-octane\vendor\illuminate\pipeline\Pipeline.php(130): Illuminate\Bus\Dispatcher->Illuminate\Bus\{closure}(Object(Flarum\User\Command\RegisterUser))
#31 C:\Users\Ldmk\LinuxDebian\lundmark\dbwebb-kurser\ramverk1\me\kmom10\low-octane\vendor\illuminate\pipeline\Pipeline.php(105): Illuminate\Pipeline\Pipeline->Illuminate\Pipeline\{closure}(Object(Flarum\User\Command\RegisterUser))
#32 C:\Users\Ldmk\LinuxDebian\lundmark\dbwebb-kurser\ramverk1\me\kmom10\low-octane\vendor\illuminate\bus\Dispatcher.php(98): Illuminate\Pipeline\Pipeline->then(Object(Closure))
#33 C:\Users\Ldmk\LinuxDebian\lundmark\dbwebb-kurser\ramverk1\me\kmom10\low-octane\vendor\illuminate\bus\Dispatcher.php(76): Illuminate\Bus\Dispatcher->dispatchNow(Object(Flarum\User\Command\RegisterUser))
#34 C:\Users\Ldmk\LinuxDebian\lundmark\dbwebb-kurser\ramverk1\me\kmom10\low-octane\vendor\flarum\core\src\Api\Controller\CreateUserController.php(45): Illuminate\Bus\Dispatcher->dispatch(Object(Flarum\User\Command\RegisterUser))
#35 C:\Users\Ldmk\LinuxDebian\lundmark\dbwebb-kurser\ramverk1\me\kmom10\low-octane\vendor\flarum\core\src\Api\Controller\AbstractSerializeController.php(115): Flarum\Api\Controller\CreateUserController->data(Object(Laminas\Diactoros\ServerRequest), Object(Tobscure\JsonApi\Document))
#36 C:\Users\Ldmk\LinuxDebian\lundmark\dbwebb-kurser\ramverk1\me\kmom10\low-octane\vendor\flarum\core\src\Api\Controller\AbstractCreateController.php(22): Flarum\Api\Controller\AbstractSerializeController->handle(Object(Laminas\Diactoros\ServerRequest))
#37 C:\Users\Ldmk\LinuxDebian\lundmark\dbwebb-kurser\ramverk1\me\kmom10\low-octane\vendor\flarum\core\src\Api\Client.php(72): Flarum\Api\Controller\AbstractCreateController->handle(Object(Laminas\Diactoros\ServerRequest))
#38 C:\Users\Ldmk\LinuxDebian\lundmark\dbwebb-kurser\ramverk1\me\kmom10\low-octane\vendor\flarum\core\src\Forum\Controller\RegisterController.php(58): Flarum\Api\Client->send(Object(Flarum\Api\Controller\CreateUserController), Object(Flarum\User\Guest), Array, Array)
#39 C:\Users\Ldmk\LinuxDebian\lundmark\dbwebb-kurser\ramverk1\me\kmom10\low-octane\vendor\flarum\core\src\Http\RouteHandlerFactory.php(38): Flarum\Forum\Controller\RegisterController->handle(Object(Laminas\Diactoros\ServerRequest))
#40 C:\Users\Ldmk\LinuxDebian\lundmark\dbwebb-kurser\ramverk1\me\kmom10\low-octane\vendor\flarum\core\src\Http\Middleware\ExecuteRoute.php(27): Flarum\Http\RouteHandlerFactory->Flarum\Http\{closure}(Object(Laminas\Diactoros\ServerRequest), Array)
#41 C:\Users\Ldmk\LinuxDebian\lundmark\dbwebb-kurser\ramverk1\me\kmom10\low-octane\vendor\laminas\laminas-stratigility\src\Next.php(61): Flarum\Http\Middleware\ExecuteRoute->process(Object(Laminas\Diactoros\ServerRequest), Object(Closure))
#42 C:\Users\Ldmk\LinuxDebian\lundmark\dbwebb-kurser\ramverk1\me\kmom10\low-octane\vendor\flarum\core\src\Http\Middleware\ShareErrorsFromSession.php(57): Laminas\Stratigility\Next->handle(Object(Laminas\Diactoros\ServerRequest))
#43 C:\Users\Ldmk\LinuxDebian\lundmark\dbwebb-kurser\ramverk1\me\kmom10\low-octane\vendor\laminas\laminas-stratigility\src\Next.php(61): Flarum\Http\Middleware\ShareErrorsFromSession->process(Object(Laminas\Diactoros\ServerRequest), Object(Laminas\Stratigility\Next))
#44 C:\Users\Ldmk\LinuxDebian\lundmark\dbwebb-kurser\ramverk1\me\kmom10\low-octane\vendor\flarum\core\src\Http\Middleware\CheckCsrfToken.php(48): Laminas\Stratigility\Next->handle(Object(Laminas\Diactoros\ServerRequest))
#45 C:\Users\Ldmk\LinuxDebian\lundmark\dbwebb-kurser\ramverk1\me\kmom10\low-octane\vendor\laminas\laminas-stratigility\src\Next.php(61): Flarum\Http\Middleware\CheckCsrfToken->process(Object(Laminas\Diactoros\ServerRequest), Object(Laminas\Stratigility\Next))
#46 C:\Users\Ldmk\LinuxDebian\lundmark\dbwebb-kurser\ramverk1\me\kmom10\low-octane\vendor\flarum\core\src\Http\Middleware\ResolveRoute.php(67): Laminas\Stratigility\Next->handle(Object(Laminas\Diactoros\ServerRequest))
#47 C:\Users\Ldmk\LinuxDebian\lundmark\dbwebb-kurser\ramverk1\me\kmom10\low-octane\vendor\laminas\laminas-stratigility\src\Next.php(61): Flarum\Http\Middleware\ResolveRoute->process(Object(Laminas\Diactoros\ServerRequest), Object(Laminas\Stratigility\Next))
#48 C:\Users\Ldmk\LinuxDebian\lundmark\dbwebb-kurser\ramverk1\me\kmom10\low-octane\vendor\flarum\core\src\Http\Middleware\SetLocale.php(50): Laminas\Stratigility\Next->handle(Object(Laminas\Diactoros\ServerRequest))
#49 C:\Users\Ldmk\LinuxDebian\lundmark\dbwebb-kurser\ramverk1\me\kmom10\low-octane\vendor\laminas\laminas-stratigility\src\Next.php(61): Flarum\Http\Middleware\SetLocale->process(Object(Laminas\Diactoros\ServerRequest), Object(Laminas\Stratigility\Next))
#50 C:\Users\Ldmk\LinuxDebian\lundmark\dbwebb-kurser\ramverk1\me\kmom10\low-octane\vendor\flarum\core\src\Http\Middleware\AuthenticateWithSession.php(32): Laminas\Stratigility\Next->handle(Object(Laminas\Diactoros\ServerRequest))
#51 C:\Users\Ldmk\LinuxDebian\lundmark\dbwebb-kurser\ramverk1\me\kmom10\low-octane\vendor\laminas\laminas-stratigility\src\Next.php(61): Flarum\Http\Middleware\AuthenticateWithSession->process(Object(Laminas\Diactoros\ServerRequest), Object(Laminas\Stratigility\Next))
#52 C:\Users\Ldmk\LinuxDebian\lundmark\dbwebb-kurser\ramverk1\me\kmom10\low-octane\vendor\flarum\core\src\Http\Middleware\RememberFromCookie.php(51): Laminas\Stratigility\Next->handle(Object(Laminas\Diactoros\ServerRequest))
#53 C:\Users\Ldmk\LinuxDebian\lundmark\dbwebb-kurser\ramverk1\me\kmom10\low-octane\vendor\laminas\laminas-stratigility\src\Next.php(61): Flarum\Http\Middleware\RememberFromCookie->process(Object(Laminas\Diactoros\ServerRequest), Object(Laminas\Stratigility\Next))
#54 C:\Users\Ldmk\LinuxDebian\lundmark\dbwebb-kurser\ramverk1\me\kmom10\low-octane\vendor\flarum\core\src\Http\Middleware\StartSession.php(61): Laminas\Stratigility\Next->handle(Object(Laminas\Diactoros\ServerRequest))
#55 C:\Users\Ldmk\LinuxDebian\lundmark\dbwebb-kurser\ramverk1\me\kmom10\low-octane\vendor\laminas\laminas-stratigility\src\Next.php(61): Flarum\Http\Middleware\StartSession->process(Object(Laminas\Diactoros\ServerRequest), Object(Laminas\Stratigility\Next))
#56 C:\Users\Ldmk\LinuxDebian\lundmark\dbwebb-kurser\ramverk1\me\kmom10\low-octane\vendor\flarum\core\src\Http\Middleware\CollectGarbage.php(46): Laminas\Stratigility\Next->handle(Object(Laminas\Diactoros\ServerRequest))
#57 C:\Users\Ldmk\LinuxDebian\lundmark\dbwebb-kurser\ramverk1\me\kmom10\low-octane\vendor\laminas\laminas-stratigility\src\Next.php(61): Flarum\Http\Middleware\CollectGarbage->process(Object(Laminas\Diactoros\ServerRequest), Object(Laminas\Stratigility\Next))
#58 C:\Users\Ldmk\LinuxDebian\lundmark\dbwebb-kurser\ramverk1\me\kmom10\low-octane\vendor\flarum\core\src\Http\Middleware\ParseJsonBody.php(28): Laminas\Stratigility\Next->handle(Object(Laminas\Diactoros\ServerRequest))
#59 C:\Users\Ldmk\LinuxDebian\lundmark\dbwebb-kurser\ramverk1\me\kmom10\low-octane\vendor\laminas\laminas-stratigility\src\Next.php(61): Flarum\Http\Middleware\ParseJsonBody->process(Object(Laminas\Diactoros\ServerRequest), Object(Laminas\Stratigility\Next))
#60 C:\Users\Ldmk\LinuxDebian\lundmark\dbwebb-kurser\ramverk1\me\kmom10\low-octane\vendor\flarum\core\src\Http\Middleware\HandleErrors.php(57): Laminas\Stratigility\Next->handle(Object(Laminas\Diactoros\ServerRequest))
#61 C:\Users\Ldmk\LinuxDebian\lundmark\dbwebb-kurser\ramverk1\me\kmom10\low-octane\vendor\laminas\laminas-stratigility\src\Next.php(61): Flarum\Http\Middleware\HandleErrors->process(Object(Laminas\Diactoros\ServerRequest), Object(Laminas\Stratigility\Next))
#62 C:\Users\Ldmk\LinuxDebian\lundmark\dbwebb-kurser\ramverk1\me\kmom10\low-octane\vendor\laminas\laminas-stratigility\src\MiddlewarePipe.php(84): Laminas\Stratigility\Next->handle(Object(Laminas\Diactoros\ServerRequest))
#63 C:\Users\Ldmk\LinuxDebian\lundmark\dbwebb-kurser\ramverk1\me\kmom10\low-octane\vendor\middlewares\request-handler\src\RequestHandler.php(84): Laminas\Stratigility\MiddlewarePipe->process(Object(Laminas\Diactoros\ServerRequest), Object(Laminas\Stratigility\Next))
#64 C:\Users\Ldmk\LinuxDebian\lundmark\dbwebb-kurser\ramverk1\me\kmom10\low-octane\vendor\laminas\laminas-stratigility\src\Next.php(61): Middlewares\RequestHandler->process(Object(Laminas\Diactoros\ServerRequest), Object(Laminas\Stratigility\Next))
#65 C:\Users\Ldmk\LinuxDebian\lundmark\dbwebb-kurser\ramverk1\me\kmom10\low-octane\vendor\middlewares\base-path-router\src\BasePathRouter.php(97): Laminas\Stratigility\Next->handle(Object(Laminas\Diactoros\ServerRequest))
#66 C:\Users\Ldmk\LinuxDebian\lundmark\dbwebb-kurser\ramverk1\me\kmom10\low-octane\vendor\laminas\laminas-stratigility\src\Next.php(61): Middlewares\BasePathRouter->process(Object(Laminas\Diactoros\ServerRequest), Object(Laminas\Stratigility\Next))
#67 C:\Users\Ldmk\LinuxDebian\lundmark\dbwebb-kurser\ramverk1\me\kmom10\low-octane\vendor\laminas\laminas-stratigility\src\Middleware\OriginalMessages.php(42): Laminas\Stratigility\Next->handle(Object(Laminas\Diactoros\ServerRequest))
#68 C:\Users\Ldmk\LinuxDebian\lundmark\dbwebb-kurser\ramverk1\me\kmom10\low-octane\vendor\laminas\laminas-stratigility\src\Next.php(61): Laminas\Stratigility\Middleware\OriginalMessages->process(Object(Laminas\Diactoros\ServerRequest), Object(Laminas\Stratigility\Next))
#69 C:\Users\Ldmk\LinuxDebian\lundmark\dbwebb-kurser\ramverk1\me\kmom10\low-octane\vendor\middlewares\base-path\src\BasePath.php(53): Laminas\Stratigility\Next->handle(Object(Laminas\Diactoros\ServerRequest))
#70 C:\Users\Ldmk\LinuxDebian\lundmark\dbwebb-kurser\ramverk1\me\kmom10\low-octane\vendor\laminas\laminas-stratigility\src\Next.php(61): Middlewares\BasePath->process(Object(Laminas\Diactoros\ServerRequest), Object(Laminas\Stratigility\Next))
#71 C:\Users\Ldmk\LinuxDebian\lundmark\dbwebb-kurser\ramverk1\me\kmom10\low-octane\vendor\laminas\laminas-stratigility\src\MiddlewarePipe.php(84): Laminas\Stratigility\Next->handle(Object(Laminas\Diactoros\ServerRequest))
#72 C:\Users\Ldmk\LinuxDebian\lundmark\dbwebb-kurser\ramverk1\me\kmom10\low-octane\vendor\laminas\laminas-stratigility\src\MiddlewarePipe.php(73): Laminas\Stratigility\MiddlewarePipe->process(Object(Laminas\Diactoros\ServerRequest), Object(Laminas\Stratigility\EmptyPipelineHandler))
#73 C:\Users\Ldmk\LinuxDebian\lundmark\dbwebb-kurser\ramverk1\me\kmom10\low-octane\vendor\laminas\laminas-httphandlerrunner\src\RequestHandlerRunner.php(96): Laminas\Stratigility\MiddlewarePipe->handle(Object(Laminas\Diactoros\ServerRequest))
#74 C:\Users\Ldmk\LinuxDebian\lundmark\dbwebb-kurser\ramverk1\me\kmom10\low-octane\vendor\flarum\core\src\Http\Server.php(42): Laminas\HttpHandlerRunner\RequestHandlerRunner->run()
#75 c:\users\ldmk\linuxdebian\lundmark\dbwebb-kurser\ramverk1\me\kmom10\low-octane\public\index.php(26): Flarum\Http\Server->listen()
#76 {main}  
[2021-01-07 17:15:47] flarum.ERROR: Swift_TransportException: Process could not be started [The system cannot find the path specified.
] in C:\Users\Ldmk\LinuxDebian\lundmark\dbwebb-kurser\ramverk1\me\kmom10\low-octane\vendor\swiftmailer\swiftmailer\lib\classes\Swift\Transport\StreamBuffer.php:294
Stack trace:
#0 C:\Users\Ldmk\LinuxDebian\lundmark\dbwebb-kurser\ramverk1\me\kmom10\low-octane\vendor\swiftmailer\swiftmailer\lib\classes\Swift\Transport\StreamBuffer.php(54): Swift_Transport_StreamBuffer->establishProcessConnection()
#1 C:\Users\Ldmk\LinuxDebian\lundmark\dbwebb-kurser\ramverk1\me\kmom10\low-octane\vendor\swiftmailer\swiftmailer\lib\classes\Swift\Transport\AbstractSmtpTransport.php(143): Swift_Transport_StreamBuffer->initialize(Array)
#2 C:\Users\Ldmk\LinuxDebian\lundmark\dbwebb-kurser\ramverk1\me\kmom10\low-octane\vendor\swiftmailer\swiftmailer\lib\classes\Swift\Transport\SendmailTransport.php(50): Swift_Transport_AbstractSmtpTransport->start()
#3 C:\Users\Ldmk\LinuxDebian\lundmark\dbwebb-kurser\ramverk1\me\kmom10\low-octane\vendor\swiftmailer\swiftmailer\lib\classes\Swift\Mailer.php(65): Swift_Transport_SendmailTransport->start()
#4 C:\Users\Ldmk\LinuxDebian\lundmark\dbwebb-kurser\ramverk1\me\kmom10\low-octane\vendor\illuminate\mail\Mailer.php(488): Swift_Mailer->send(Object(Swift_Message), Array)
#5 C:\Users\Ldmk\LinuxDebian\lundmark\dbwebb-kurser\ramverk1\me\kmom10\low-octane\vendor\illuminate\mail\Mailer.php(261): Illuminate\Mail\Mailer->sendSwiftMessage(Object(Swift_Message))
#6 C:\Users\Ldmk\LinuxDebian\lundmark\dbwebb-kurser\ramverk1\me\kmom10\low-octane\vendor\illuminate\mail\Mailer.php(185): Illuminate\Mail\Mailer->send(NULL, Array, Object(Closure))
#7 C:\Users\Ldmk\LinuxDebian\lundmark\dbwebb-kurser\ramverk1\me\kmom10\low-octane\vendor\flarum\core\src\Mail\Job\SendRawEmailJob.php(34): Illuminate\Mail\Mailer->raw('Hey HarleyDavid...', Object(Closure))
#8 C:\Users\Ldmk\LinuxDebian\lundmark\dbwebb-kurser\ramverk1\me\kmom10\low-octane\vendor\illuminate\container\BoundMethod.php(36): Flarum\Mail\Job\SendRawEmailJob->handle(Object(Illuminate\Mail\Mailer))
#9 C:\Users\Ldmk\LinuxDebian\lundmark\dbwebb-kurser\ramverk1\me\kmom10\low-octane\vendor\illuminate\container\Util.php(37): Illuminate\Container\BoundMethod::Illuminate\Container\{closure}()
#10 C:\Users\Ldmk\LinuxDebian\lundmark\dbwebb-kurser\ramverk1\me\kmom10\low-octane\vendor\illuminate\container\BoundMethod.php(93): Illuminate\Container\Util::unwrapIfClosure(Object(Closure))
#11 C:\Users\Ldmk\LinuxDebian\lundmark\dbwebb-kurser\ramverk1\me\kmom10\low-octane\vendor\illuminate\container\BoundMethod.php(37): Illuminate\Container\BoundMethod::callBoundMethod(Object(Illuminate\Container\Container), Array, Object(Closure))
#12 C:\Users\Ldmk\LinuxDebian\lundmark\dbwebb-kurser\ramverk1\me\kmom10\low-octane\vendor\illuminate\container\Container.php(590): Illuminate\Container\BoundMethod::call(Object(Illuminate\Container\Container), Array, Array, NULL)
#13 C:\Users\Ldmk\LinuxDebian\lundmark\dbwebb-kurser\ramverk1\me\kmom10\low-octane\vendor\illuminate\bus\Dispatcher.php(94): Illuminate\Container\Container->call(Array)
#14 C:\Users\Ldmk\LinuxDebian\lundmark\dbwebb-kurser\ramverk1\me\kmom10\low-octane\vendor\illuminate\pipeline\Pipeline.php(130): Illuminate\Bus\Dispatcher->Illuminate\Bus\{closure}(Object(Flarum\Mail\Job\SendRawEmailJob))
#15 C:\Users\Ldmk\LinuxDebian\lundmark\dbwebb-kurser\ramverk1\me\kmom10\low-octane\vendor\illuminate\pipeline\Pipeline.php(105): Illuminate\Pipeline\Pipeline->Illuminate\Pipeline\{closure}(Object(Flarum\Mail\Job\SendRawEmailJob))
#16 C:\Users\Ldmk\LinuxDebian\lundmark\dbwebb-kurser\ramverk1\me\kmom10\low-octane\vendor\illuminate\bus\Dispatcher.php(98): Illuminate\Pipeline\Pipeline->then(Object(Closure))
#17 C:\Users\Ldmk\LinuxDebian\lundmark\dbwebb-kurser\ramverk1\me\kmom10\low-octane\vendor\illuminate\queue\CallQueuedHandler.php(83): Illuminate\Bus\Dispatcher->dispatchNow(Object(Flarum\Mail\Job\SendRawEmailJob), false)
#18 C:\Users\Ldmk\LinuxDebian\lundmark\dbwebb-kurser\ramverk1\me\kmom10\low-octane\vendor\illuminate\pipeline\Pipeline.php(130): Illuminate\Queue\CallQueuedHandler->Illuminate\Queue\{closure}(Object(Flarum\Mail\Job\SendRawEmailJob))
#19 C:\Users\Ldmk\LinuxDebian\lundmark\dbwebb-kurser\ramverk1\me\kmom10\low-octane\vendor\illuminate\pipeline\Pipeline.php(105): Illuminate\Pipeline\Pipeline->Illuminate\Pipeline\{closure}(Object(Flarum\Mail\Job\SendRawEmailJob))
#20 C:\Users\Ldmk\LinuxDebian\lundmark\dbwebb-kurser\ramverk1\me\kmom10\low-octane\vendor\illuminate\queue\CallQueuedHandler.php(85): Illuminate\Pipeline\Pipeline->then(Object(Closure))
#21 C:\Users\Ldmk\LinuxDebian\lundmark\dbwebb-kurser\ramverk1\me\kmom10\low-octane\vendor\illuminate\queue\CallQueuedHandler.php(59): Illuminate\Queue\CallQueuedHandler->dispatchThroughMiddleware(Object(Illuminate\Queue\Jobs\SyncJob), Object(Flarum\Mail\Job\SendRawEmailJob))
#22 C:\Users\Ldmk\LinuxDebian\lundmark\dbwebb-kurser\ramverk1\me\kmom10\low-octane\vendor\illuminate\queue\Jobs\Job.php(88): Illuminate\Queue\CallQueuedHandler->call(Object(Illuminate\Queue\Jobs\SyncJob), Array)
#23 C:\Users\Ldmk\LinuxDebian\lundmark\dbwebb-kurser\ramverk1\me\kmom10\low-octane\vendor\illuminate\queue\SyncQueue.php(45): Illuminate\Queue\Jobs\Job->fire()
#24 C:\Users\Ldmk\LinuxDebian\lundmark\dbwebb-kurser\ramverk1\me\kmom10\low-octane\vendor\flarum\core\src\User\AccountActivationMailer.php(68): Illuminate\Queue\SyncQueue->push(Object(Flarum\Mail\Job\SendRawEmailJob))
#25 C:\Users\Ldmk\LinuxDebian\lundmark\dbwebb-kurser\ramverk1\me\kmom10\low-octane\vendor\illuminate\events\Dispatcher.php(389): Flarum\User\AccountActivationMailer->handle(Object(Flarum\User\Event\Registered))
#26 C:\Users\Ldmk\LinuxDebian\lundmark\dbwebb-kurser\ramverk1\me\kmom10\low-octane\vendor\illuminate\events\Dispatcher.php(218): Illuminate\Events\Dispatcher->Illuminate\Events\{closure}('Flarum\\User\\Eve...', Array)
#27 C:\Users\Ldmk\LinuxDebian\lundmark\dbwebb-kurser\ramverk1\me\kmom10\low-octane\vendor\flarum\core\src\Foundation\DispatchEventsTrait.php(33): Illuminate\Events\Dispatcher->dispatch('Flarum\\User\\Eve...')
#28 C:\Users\Ldmk\LinuxDebian\lundmark\dbwebb-kurser\ramverk1\me\kmom10\low-octane\vendor\flarum\core\src\User\Command\RegisterUserHandler.php(112): Flarum\User\Command\RegisterUserHandler->dispatchEventsFor(Object(Flarum\User\User), Object(Flarum\User\Guest))
#29 C:\Users\Ldmk\LinuxDebian\lundmark\dbwebb-kurser\ramverk1\me\kmom10\low-octane\vendor\illuminate\bus\Dispatcher.php(90): Flarum\User\Command\RegisterUserHandler->handle(Object(Flarum\User\Command\RegisterUser))
#30 C:\Users\Ldmk\LinuxDebian\lundmark\dbwebb-kurser\ramverk1\me\kmom10\low-octane\vendor\illuminate\pipeline\Pipeline.php(130): Illuminate\Bus\Dispatcher->Illuminate\Bus\{closure}(Object(Flarum\User\Command\RegisterUser))
#31 C:\Users\Ldmk\LinuxDebian\lundmark\dbwebb-kurser\ramverk1\me\kmom10\low-octane\vendor\illuminate\pipeline\Pipeline.php(105): Illuminate\Pipeline\Pipeline->Illuminate\Pipeline\{closure}(Object(Flarum\User\Command\RegisterUser))
#32 C:\Users\Ldmk\LinuxDebian\lundmark\dbwebb-kurser\ramverk1\me\kmom10\low-octane\vendor\illuminate\bus\Dispatcher.php(98): Illuminate\Pipeline\Pipeline->then(Object(Closure))
#33 C:\Users\Ldmk\LinuxDebian\lundmark\dbwebb-kurser\ramverk1\me\kmom10\low-octane\vendor\illuminate\bus\Dispatcher.php(76): Illuminate\Bus\Dispatcher->dispatchNow(Object(Flarum\User\Command\RegisterUser))
#34 C:\Users\Ldmk\LinuxDebian\lundmark\dbwebb-kurser\ramverk1\me\kmom10\low-octane\vendor\flarum\core\src\Api\Controller\CreateUserController.php(45): Illuminate\Bus\Dispatcher->dispatch(Object(Flarum\User\Command\RegisterUser))
#35 C:\Users\Ldmk\LinuxDebian\lundmark\dbwebb-kurser\ramverk1\me\kmom10\low-octane\vendor\flarum\core\src\Api\Controller\AbstractSerializeController.php(115): Flarum\Api\Controller\CreateUserController->data(Object(Laminas\Diactoros\ServerRequest), Object(Tobscure\JsonApi\Document))
#36 C:\Users\Ldmk\LinuxDebian\lundmark\dbwebb-kurser\ramverk1\me\kmom10\low-octane\vendor\flarum\core\src\Api\Controller\AbstractCreateController.php(22): Flarum\Api\Controller\AbstractSerializeController->handle(Object(Laminas\Diactoros\ServerRequest))
#37 C:\Users\Ldmk\LinuxDebian\lundmark\dbwebb-kurser\ramverk1\me\kmom10\low-octane\vendor\flarum\core\src\Api\Client.php(72): Flarum\Api\Controller\AbstractCreateController->handle(Object(Laminas\Diactoros\ServerRequest))
#38 C:\Users\Ldmk\LinuxDebian\lundmark\dbwebb-kurser\ramverk1\me\kmom10\low-octane\vendor\flarum\core\src\Forum\Controller\RegisterController.php(58): Flarum\Api\Client->send(Object(Flarum\Api\Controller\CreateUserController), Object(Flarum\User\Guest), Array, Array)
#39 C:\Users\Ldmk\LinuxDebian\lundmark\dbwebb-kurser\ramverk1\me\kmom10\low-octane\vendor\flarum\core\src\Http\RouteHandlerFactory.php(38): Flarum\Forum\Controller\RegisterController->handle(Object(Laminas\Diactoros\ServerRequest))
#40 C:\Users\Ldmk\LinuxDebian\lundmark\dbwebb-kurser\ramverk1\me\kmom10\low-octane\vendor\flarum\core\src\Http\Middleware\ExecuteRoute.php(27): Flarum\Http\RouteHandlerFactory->Flarum\Http\{closure}(Object(Laminas\Diactoros\ServerRequest), Array)
#41 C:\Users\Ldmk\LinuxDebian\lundmark\dbwebb-kurser\ramverk1\me\kmom10\low-octane\vendor\laminas\laminas-stratigility\src\Next.php(61): Flarum\Http\Middleware\ExecuteRoute->process(Object(Laminas\Diactoros\ServerRequest), Object(Closure))
#42 C:\Users\Ldmk\LinuxDebian\lundmark\dbwebb-kurser\ramverk1\me\kmom10\low-octane\vendor\flarum\core\src\Http\Middleware\ShareErrorsFromSession.php(57): Laminas\Stratigility\Next->handle(Object(Laminas\Diactoros\ServerRequest))
#43 C:\Users\Ldmk\LinuxDebian\lundmark\dbwebb-kurser\ramverk1\me\kmom10\low-octane\vendor\laminas\laminas-stratigility\src\Next.php(61): Flarum\Http\Middleware\ShareErrorsFromSession->process(Object(Laminas\Diactoros\ServerRequest), Object(Laminas\Stratigility\Next))
#44 C:\Users\Ldmk\LinuxDebian\lundmark\dbwebb-kurser\ramverk1\me\kmom10\low-octane\vendor\flarum\core\src\Http\Middleware\CheckCsrfToken.php(48): Laminas\Stratigility\Next->handle(Object(Laminas\Diactoros\ServerRequest))
#45 C:\Users\Ldmk\LinuxDebian\lundmark\dbwebb-kurser\ramverk1\me\kmom10\low-octane\vendor\laminas\laminas-stratigility\src\Next.php(61): Flarum\Http\Middleware\CheckCsrfToken->process(Object(Laminas\Diactoros\ServerRequest), Object(Laminas\Stratigility\Next))
#46 C:\Users\Ldmk\LinuxDebian\lundmark\dbwebb-kurser\ramverk1\me\kmom10\low-octane\vendor\flarum\core\src\Http\Middleware\ResolveRoute.php(67): Laminas\Stratigility\Next->handle(Object(Laminas\Diactoros\ServerRequest))
#47 C:\Users\Ldmk\LinuxDebian\lundmark\dbwebb-kurser\ramverk1\me\kmom10\low-octane\vendor\laminas\laminas-stratigility\src\Next.php(61): Flarum\Http\Middleware\ResolveRoute->process(Object(Laminas\Diactoros\ServerRequest), Object(Laminas\Stratigility\Next))
#48 C:\Users\Ldmk\LinuxDebian\lundmark\dbwebb-kurser\ramverk1\me\kmom10\low-octane\vendor\flarum\core\src\Http\Middleware\SetLocale.php(50): Laminas\Stratigility\Next->handle(Object(Laminas\Diactoros\ServerRequest))
#49 C:\Users\Ldmk\LinuxDebian\lundmark\dbwebb-kurser\ramverk1\me\kmom10\low-octane\vendor\laminas\laminas-stratigility\src\Next.php(61): Flarum\Http\Middleware\SetLocale->process(Object(Laminas\Diactoros\ServerRequest), Object(Laminas\Stratigility\Next))
#50 C:\Users\Ldmk\LinuxDebian\lundmark\dbwebb-kurser\ramverk1\me\kmom10\low-octane\vendor\flarum\core\src\Http\Middleware\AuthenticateWithSession.php(32): Laminas\Stratigility\Next->handle(Object(Laminas\Diactoros\ServerRequest))
#51 C:\Users\Ldmk\LinuxDebian\lundmark\dbwebb-kurser\ramverk1\me\kmom10\low-octane\vendor\laminas\laminas-stratigility\src\Next.php(61): Flarum\Http\Middleware\AuthenticateWithSession->process(Object(Laminas\Diactoros\ServerRequest), Object(Laminas\Stratigility\Next))
#52 C:\Users\Ldmk\LinuxDebian\lundmark\dbwebb-kurser\ramverk1\me\kmom10\low-octane\vendor\flarum\core\src\Http\Middleware\RememberFromCookie.php(51): Laminas\Stratigility\Next->handle(Object(Laminas\Diactoros\ServerRequest))
#53 C:\Users\Ldmk\LinuxDebian\lundmark\dbwebb-kurser\ramverk1\me\kmom10\low-octane\vendor\laminas\laminas-stratigility\src\Next.php(61): Flarum\Http\Middleware\RememberFromCookie->process(Object(Laminas\Diactoros\ServerRequest), Object(Laminas\Stratigility\Next))
#54 C:\Users\Ldmk\LinuxDebian\lundmark\dbwebb-kurser\ramverk1\me\kmom10\low-octane\vendor\flarum\core\src\Http\Middleware\StartSession.php(61): Laminas\Stratigility\Next->handle(Object(Laminas\Diactoros\ServerRequest))
#55 C:\Users\Ldmk\LinuxDebian\lundmark\dbwebb-kurser\ramverk1\me\kmom10\low-octane\vendor\laminas\laminas-stratigility\src\Next.php(61): Flarum\Http\Middleware\StartSession->process(Object(Laminas\Diactoros\ServerRequest), Object(Laminas\Stratigility\Next))
#56 C:\Users\Ldmk\LinuxDebian\lundmark\dbwebb-kurser\ramverk1\me\kmom10\low-octane\vendor\flarum\core\src\Http\Middleware\CollectGarbage.php(46): Laminas\Stratigility\Next->handle(Object(Laminas\Diactoros\ServerRequest))
#57 C:\Users\Ldmk\LinuxDebian\lundmark\dbwebb-kurser\ramverk1\me\kmom10\low-octane\vendor\laminas\laminas-stratigility\src\Next.php(61): Flarum\Http\Middleware\CollectGarbage->process(Object(Laminas\Diactoros\ServerRequest), Object(Laminas\Stratigility\Next))
#58 C:\Users\Ldmk\LinuxDebian\lundmark\dbwebb-kurser\ramverk1\me\kmom10\low-octane\vendor\flarum\core\src\Http\Middleware\ParseJsonBody.php(28): Laminas\Stratigility\Next->handle(Object(Laminas\Diactoros\ServerRequest))
#59 C:\Users\Ldmk\LinuxDebian\lundmark\dbwebb-kurser\ramverk1\me\kmom10\low-octane\vendor\laminas\laminas-stratigility\src\Next.php(61): Flarum\Http\Middleware\ParseJsonBody->process(Object(Laminas\Diactoros\ServerRequest), Object(Laminas\Stratigility\Next))
#60 C:\Users\Ldmk\LinuxDebian\lundmark\dbwebb-kurser\ramverk1\me\kmom10\low-octane\vendor\flarum\core\src\Http\Middleware\HandleErrors.php(57): Laminas\Stratigility\Next->handle(Object(Laminas\Diactoros\ServerRequest))
#61 C:\Users\Ldmk\LinuxDebian\lundmark\dbwebb-kurser\ramverk1\me\kmom10\low-octane\vendor\laminas\laminas-stratigility\src\Next.php(61): Flarum\Http\Middleware\HandleErrors->process(Object(Laminas\Diactoros\ServerRequest), Object(Laminas\Stratigility\Next))
#62 C:\Users\Ldmk\LinuxDebian\lundmark\dbwebb-kurser\ramverk1\me\kmom10\low-octane\vendor\laminas\laminas-stratigility\src\MiddlewarePipe.php(84): Laminas\Stratigility\Next->handle(Object(Laminas\Diactoros\ServerRequest))
#63 C:\Users\Ldmk\LinuxDebian\lundmark\dbwebb-kurser\ramverk1\me\kmom10\low-octane\vendor\middlewares\request-handler\src\RequestHandler.php(84): Laminas\Stratigility\MiddlewarePipe->process(Object(Laminas\Diactoros\ServerRequest), Object(Laminas\Stratigility\Next))
#64 C:\Users\Ldmk\LinuxDebian\lundmark\dbwebb-kurser\ramverk1\me\kmom10\low-octane\vendor\laminas\laminas-stratigility\src\Next.php(61): Middlewares\RequestHandler->process(Object(Laminas\Diactoros\ServerRequest), Object(Laminas\Stratigility\Next))
#65 C:\Users\Ldmk\LinuxDebian\lundmark\dbwebb-kurser\ramverk1\me\kmom10\low-octane\vendor\middlewares\base-path-router\src\BasePathRouter.php(97): Laminas\Stratigility\Next->handle(Object(Laminas\Diactoros\ServerRequest))
#66 C:\Users\Ldmk\LinuxDebian\lundmark\dbwebb-kurser\ramverk1\me\kmom10\low-octane\vendor\laminas\laminas-stratigility\src\Next.php(61): Middlewares\BasePathRouter->process(Object(Laminas\Diactoros\ServerRequest), Object(Laminas\Stratigility\Next))
#67 C:\Users\Ldmk\LinuxDebian\lundmark\dbwebb-kurser\ramverk1\me\kmom10\low-octane\vendor\laminas\laminas-stratigility\src\Middleware\OriginalMessages.php(42): Laminas\Stratigility\Next->handle(Object(Laminas\Diactoros\ServerRequest))
#68 C:\Users\Ldmk\LinuxDebian\lundmark\dbwebb-kurser\ramverk1\me\kmom10\low-octane\vendor\laminas\laminas-stratigility\src\Next.php(61): Laminas\Stratigility\Middleware\OriginalMessages->process(Object(Laminas\Diactoros\ServerRequest), Object(Laminas\Stratigility\Next))
#69 C:\Users\Ldmk\LinuxDebian\lundmark\dbwebb-kurser\ramverk1\me\kmom10\low-octane\vendor\middlewares\base-path\src\BasePath.php(53): Laminas\Stratigility\Next->handle(Object(Laminas\Diactoros\ServerRequest))
#70 C:\Users\Ldmk\LinuxDebian\lundmark\dbwebb-kurser\ramverk1\me\kmom10\low-octane\vendor\laminas\laminas-stratigility\src\Next.php(61): Middlewares\BasePath->process(Object(Laminas\Diactoros\ServerRequest), Object(Laminas\Stratigility\Next))
#71 C:\Users\Ldmk\LinuxDebian\lundmark\dbwebb-kurser\ramverk1\me\kmom10\low-octane\vendor\laminas\laminas-stratigility\src\MiddlewarePipe.php(84): Laminas\Stratigility\Next->handle(Object(Laminas\Diactoros\ServerRequest))
#72 C:\Users\Ldmk\LinuxDebian\lundmark\dbwebb-kurser\ramverk1\me\kmom10\low-octane\vendor\laminas\laminas-stratigility\src\MiddlewarePipe.php(73): Laminas\Stratigility\MiddlewarePipe->process(Object(Laminas\Diactoros\ServerRequest), Object(Laminas\Stratigility\EmptyPipelineHandler))
#73 C:\Users\Ldmk\LinuxDebian\lundmark\dbwebb-kurser\ramverk1\me\kmom10\low-octane\vendor\laminas\laminas-httphandlerrunner\src\RequestHandlerRunner.php(96): Laminas\Stratigility\MiddlewarePipe->handle(Object(Laminas\Diactoros\ServerRequest))
#74 C:\Users\Ldmk\LinuxDebian\lundmark\dbwebb-kurser\ramverk1\me\kmom10\low-octane\vendor\flarum\core\src\Http\Server.php(42): Laminas\HttpHandlerRunner\RequestHandlerRunner->run()
#75 c:\users\ldmk\linuxdebian\lundmark\dbwebb-kurser\ramverk1\me\kmom10\low-octane\public\index.php(26): Flarum\Http\Server->listen()
#76 {main}  
[2021-01-07 17:15:47] flarum.ERROR: Swift_TransportException: Process could not be started [The system cannot find the path specified.
] in C:\Users\Ldmk\LinuxDebian\lundmark\dbwebb-kurser\ramverk1\me\kmom10\low-octane\vendor\swiftmailer\swiftmailer\lib\classes\Swift\Transport\StreamBuffer.php:294
Stack trace:
#0 C:\Users\Ldmk\LinuxDebian\lundmark\dbwebb-kurser\ramverk1\me\kmom10\low-octane\vendor\swiftmailer\swiftmailer\lib\classes\Swift\Transport\StreamBuffer.php(54): Swift_Transport_StreamBuffer->establishProcessConnection()
#1 C:\Users\Ldmk\LinuxDebian\lundmark\dbwebb-kurser\ramverk1\me\kmom10\low-octane\vendor\swiftmailer\swiftmailer\lib\classes\Swift\Transport\AbstractSmtpTransport.php(143): Swift_Transport_StreamBuffer->initialize(Array)
#2 C:\Users\Ldmk\LinuxDebian\lundmark\dbwebb-kurser\ramverk1\me\kmom10\low-octane\vendor\swiftmailer\swiftmailer\lib\classes\Swift\Transport\SendmailTransport.php(50): Swift_Transport_AbstractSmtpTransport->start()
#3 C:\Users\Ldmk\LinuxDebian\lundmark\dbwebb-kurser\ramverk1\me\kmom10\low-octane\vendor\swiftmailer\swiftmailer\lib\classes\Swift\Mailer.php(65): Swift_Transport_SendmailTransport->start()
#4 C:\Users\Ldmk\LinuxDebian\lundmark\dbwebb-kurser\ramverk1\me\kmom10\low-octane\vendor\illuminate\mail\Mailer.php(488): Swift_Mailer->send(Object(Swift_Message), Array)
#5 C:\Users\Ldmk\LinuxDebian\lundmark\dbwebb-kurser\ramverk1\me\kmom10\low-octane\vendor\illuminate\mail\Mailer.php(261): Illuminate\Mail\Mailer->sendSwiftMessage(Object(Swift_Message))
#6 C:\Users\Ldmk\LinuxDebian\lundmark\dbwebb-kurser\ramverk1\me\kmom10\low-octane\vendor\illuminate\mail\Mailer.php(185): Illuminate\Mail\Mailer->send(NULL, Array, Object(Closure))
#7 C:\Users\Ldmk\LinuxDebian\lundmark\dbwebb-kurser\ramverk1\me\kmom10\low-octane\vendor\flarum\core\src\Mail\Job\SendRawEmailJob.php(34): Illuminate\Mail\Mailer->raw('Hey HarleyDavid...', Object(Closure))
#8 C:\Users\Ldmk\LinuxDebian\lundmark\dbwebb-kurser\ramverk1\me\kmom10\low-octane\vendor\illuminate\container\BoundMethod.php(36): Flarum\Mail\Job\SendRawEmailJob->handle(Object(Illuminate\Mail\Mailer))
#9 C:\Users\Ldmk\LinuxDebian\lundmark\dbwebb-kurser\ramverk1\me\kmom10\low-octane\vendor\illuminate\container\Util.php(37): Illuminate\Container\BoundMethod::Illuminate\Container\{closure}()
#10 C:\Users\Ldmk\LinuxDebian\lundmark\dbwebb-kurser\ramverk1\me\kmom10\low-octane\vendor\illuminate\container\BoundMethod.php(93): Illuminate\Container\Util::unwrapIfClosure(Object(Closure))
#11 C:\Users\Ldmk\LinuxDebian\lundmark\dbwebb-kurser\ramverk1\me\kmom10\low-octane\vendor\illuminate\container\BoundMethod.php(37): Illuminate\Container\BoundMethod::callBoundMethod(Object(Illuminate\Container\Container), Array, Object(Closure))
#12 C:\Users\Ldmk\LinuxDebian\lundmark\dbwebb-kurser\ramverk1\me\kmom10\low-octane\vendor\illuminate\container\Container.php(590): Illuminate\Container\BoundMethod::call(Object(Illuminate\Container\Container), Array, Array, NULL)
#13 C:\Users\Ldmk\LinuxDebian\lundmark\dbwebb-kurser\ramverk1\me\kmom10\low-octane\vendor\illuminate\bus\Dispatcher.php(94): Illuminate\Container\Container->call(Array)
#14 C:\Users\Ldmk\LinuxDebian\lundmark\dbwebb-kurser\ramverk1\me\kmom10\low-octane\vendor\illuminate\pipeline\Pipeline.php(130): Illuminate\Bus\Dispatcher->Illuminate\Bus\{closure}(Object(Flarum\Mail\Job\SendRawEmailJob))
#15 C:\Users\Ldmk\LinuxDebian\lundmark\dbwebb-kurser\ramverk1\me\kmom10\low-octane\vendor\illuminate\pipeline\Pipeline.php(105): Illuminate\Pipeline\Pipeline->Illuminate\Pipeline\{closure}(Object(Flarum\Mail\Job\SendRawEmailJob))
#16 C:\Users\Ldmk\LinuxDebian\lundmark\dbwebb-kurser\ramverk1\me\kmom10\low-octane\vendor\illuminate\bus\Dispatcher.php(98): Illuminate\Pipeline\Pipeline->then(Object(Closure))
#17 C:\Users\Ldmk\LinuxDebian\lundmark\dbwebb-kurser\ramverk1\me\kmom10\low-octane\vendor\illuminate\queue\CallQueuedHandler.php(83): Illuminate\Bus\Dispatcher->dispatchNow(Object(Flarum\Mail\Job\SendRawEmailJob), false)
#18 C:\Users\Ldmk\LinuxDebian\lundmark\dbwebb-kurser\ramverk1\me\kmom10\low-octane\vendor\illuminate\pipeline\Pipeline.php(130): Illuminate\Queue\CallQueuedHandler->Illuminate\Queue\{closure}(Object(Flarum\Mail\Job\SendRawEmailJob))
#19 C:\Users\Ldmk\LinuxDebian\lundmark\dbwebb-kurser\ramverk1\me\kmom10\low-octane\vendor\illuminate\pipeline\Pipeline.php(105): Illuminate\Pipeline\Pipeline->Illuminate\Pipeline\{closure}(Object(Flarum\Mail\Job\SendRawEmailJob))
#20 C:\Users\Ldmk\LinuxDebian\lundmark\dbwebb-kurser\ramverk1\me\kmom10\low-octane\vendor\illuminate\queue\CallQueuedHandler.php(85): Illuminate\Pipeline\Pipeline->then(Object(Closure))
#21 C:\Users\Ldmk\LinuxDebian\lundmark\dbwebb-kurser\ramverk1\me\kmom10\low-octane\vendor\illuminate\queue\CallQueuedHandler.php(59): Illuminate\Queue\CallQueuedHandler->dispatchThroughMiddleware(Object(Illuminate\Queue\Jobs\SyncJob), Object(Flarum\Mail\Job\SendRawEmailJob))
#22 C:\Users\Ldmk\LinuxDebian\lundmark\dbwebb-kurser\ramverk1\me\kmom10\low-octane\vendor\illuminate\queue\Jobs\Job.php(88): Illuminate\Queue\CallQueuedHandler->call(Object(Illuminate\Queue\Jobs\SyncJob), Array)
#23 C:\Users\Ldmk\LinuxDebian\lundmark\dbwebb-kurser\ramverk1\me\kmom10\low-octane\vendor\illuminate\queue\SyncQueue.php(45): Illuminate\Queue\Jobs\Job->fire()
#24 C:\Users\Ldmk\LinuxDebian\lundmark\dbwebb-kurser\ramverk1\me\kmom10\low-octane\vendor\flarum\core\src\User\AccountActivationMailer.php(68): Illuminate\Queue\SyncQueue->push(Object(Flarum\Mail\Job\SendRawEmailJob))
#25 C:\Users\Ldmk\LinuxDebian\lundmark\dbwebb-kurser\ramverk1\me\kmom10\low-octane\vendor\illuminate\events\Dispatcher.php(389): Flarum\User\AccountActivationMailer->handle(Object(Flarum\User\Event\Registered))
#26 C:\Users\Ldmk\LinuxDebian\lundmark\dbwebb-kurser\ramverk1\me\kmom10\low-octane\vendor\illuminate\events\Dispatcher.php(218): Illuminate\Events\Dispatcher->Illuminate\Events\{closure}('Flarum\\User\\Eve...', Array)
#27 C:\Users\Ldmk\LinuxDebian\lundmark\dbwebb-kurser\ramverk1\me\kmom10\low-octane\vendor\flarum\core\src\Foundation\DispatchEventsTrait.php(33): Illuminate\Events\Dispatcher->dispatch('Flarum\\User\\Eve...')
#28 C:\Users\Ldmk\LinuxDebian\lundmark\dbwebb-kurser\ramverk1\me\kmom10\low-octane\vendor\flarum\core\src\User\Command\RegisterUserHandler.php(112): Flarum\User\Command\RegisterUserHandler->dispatchEventsFor(Object(Flarum\User\User), Object(Flarum\User\Guest))
#29 C:\Users\Ldmk\LinuxDebian\lundmark\dbwebb-kurser\ramverk1\me\kmom10\low-octane\vendor\illuminate\bus\Dispatcher.php(90): Flarum\User\Command\RegisterUserHandler->handle(Object(Flarum\User\Command\RegisterUser))
#30 C:\Users\Ldmk\LinuxDebian\lundmark\dbwebb-kurser\ramverk1\me\kmom10\low-octane\vendor\illuminate\pipeline\Pipeline.php(130): Illuminate\Bus\Dispatcher->Illuminate\Bus\{closure}(Object(Flarum\User\Command\RegisterUser))
#31 C:\Users\Ldmk\LinuxDebian\lundmark\dbwebb-kurser\ramverk1\me\kmom10\low-octane\vendor\illuminate\pipeline\Pipeline.php(105): Illuminate\Pipeline\Pipeline->Illuminate\Pipeline\{closure}(Object(Flarum\User\Command\RegisterUser))
#32 C:\Users\Ldmk\LinuxDebian\lundmark\dbwebb-kurser\ramverk1\me\kmom10\low-octane\vendor\illuminate\bus\Dispatcher.php(98): Illuminate\Pipeline\Pipeline->then(Object(Closure))
#33 C:\Users\Ldmk\LinuxDebian\lundmark\dbwebb-kurser\ramverk1\me\kmom10\low-octane\vendor\illuminate\bus\Dispatcher.php(76): Illuminate\Bus\Dispatcher->dispatchNow(Object(Flarum\User\Command\RegisterUser))
#34 C:\Users\Ldmk\LinuxDebian\lundmark\dbwebb-kurser\ramverk1\me\kmom10\low-octane\vendor\flarum\core\src\Api\Controller\CreateUserController.php(45): Illuminate\Bus\Dispatcher->dispatch(Object(Flarum\User\Command\RegisterUser))
#35 C:\Users\Ldmk\LinuxDebian\lundmark\dbwebb-kurser\ramverk1\me\kmom10\low-octane\vendor\flarum\core\src\Api\Controller\AbstractSerializeController.php(115): Flarum\Api\Controller\CreateUserController->data(Object(Laminas\Diactoros\ServerRequest), Object(Tobscure\JsonApi\Document))
#36 C:\Users\Ldmk\LinuxDebian\lundmark\dbwebb-kurser\ramverk1\me\kmom10\low-octane\vendor\flarum\core\src\Api\Controller\AbstractCreateController.php(22): Flarum\Api\Controller\AbstractSerializeController->handle(Object(Laminas\Diactoros\ServerRequest))
#37 C:\Users\Ldmk\LinuxDebian\lundmark\dbwebb-kurser\ramverk1\me\kmom10\low-octane\vendor\flarum\core\src\Api\Client.php(72): Flarum\Api\Controller\AbstractCreateController->handle(Object(Laminas\Diactoros\ServerRequest))
#38 C:\Users\Ldmk\LinuxDebian\lundmark\dbwebb-kurser\ramverk1\me\kmom10\low-octane\vendor\flarum\core\src\Forum\Controller\RegisterController.php(58): Flarum\Api\Client->send(Object(Flarum\Api\Controller\CreateUserController), Object(Flarum\User\Guest), Array, Array)
#39 C:\Users\Ldmk\LinuxDebian\lundmark\dbwebb-kurser\ramverk1\me\kmom10\low-octane\vendor\flarum\core\src\Http\RouteHandlerFactory.php(38): Flarum\Forum\Controller\RegisterController->handle(Object(Laminas\Diactoros\ServerRequest))
#40 C:\Users\Ldmk\LinuxDebian\lundmark\dbwebb-kurser\ramverk1\me\kmom10\low-octane\vendor\flarum\core\src\Http\Middleware\ExecuteRoute.php(27): Flarum\Http\RouteHandlerFactory->Flarum\Http\{closure}(Object(Laminas\Diactoros\ServerRequest), Array)
#41 C:\Users\Ldmk\LinuxDebian\lundmark\dbwebb-kurser\ramverk1\me\kmom10\low-octane\vendor\laminas\laminas-stratigility\src\Next.php(61): Flarum\Http\Middleware\ExecuteRoute->process(Object(Laminas\Diactoros\ServerRequest), Object(Closure))
#42 C:\Users\Ldmk\LinuxDebian\lundmark\dbwebb-kurser\ramverk1\me\kmom10\low-octane\vendor\flarum\core\src\Http\Middleware\ShareErrorsFromSession.php(57): Laminas\Stratigility\Next->handle(Object(Laminas\Diactoros\ServerRequest))
#43 C:\Users\Ldmk\LinuxDebian\lundmark\dbwebb-kurser\ramverk1\me\kmom10\low-octane\vendor\laminas\laminas-stratigility\src\Next.php(61): Flarum\Http\Middleware\ShareErrorsFromSession->process(Object(Laminas\Diactoros\ServerRequest), Object(Laminas\Stratigility\Next))
#44 C:\Users\Ldmk\LinuxDebian\lundmark\dbwebb-kurser\ramverk1\me\kmom10\low-octane\vendor\flarum\core\src\Http\Middleware\CheckCsrfToken.php(48): Laminas\Stratigility\Next->handle(Object(Laminas\Diactoros\ServerRequest))
#45 C:\Users\Ldmk\LinuxDebian\lundmark\dbwebb-kurser\ramverk1\me\kmom10\low-octane\vendor\laminas\laminas-stratigility\src\Next.php(61): Flarum\Http\Middleware\CheckCsrfToken->process(Object(Laminas\Diactoros\ServerRequest), Object(Laminas\Stratigility\Next))
#46 C:\Users\Ldmk\LinuxDebian\lundmark\dbwebb-kurser\ramverk1\me\kmom10\low-octane\vendor\flarum\core\src\Http\Middleware\ResolveRoute.php(67): Laminas\Stratigility\Next->handle(Object(Laminas\Diactoros\ServerRequest))
#47 C:\Users\Ldmk\LinuxDebian\lundmark\dbwebb-kurser\ramverk1\me\kmom10\low-octane\vendor\laminas\laminas-stratigility\src\Next.php(61): Flarum\Http\Middleware\ResolveRoute->process(Object(Laminas\Diactoros\ServerRequest), Object(Laminas\Stratigility\Next))
#48 C:\Users\Ldmk\LinuxDebian\lundmark\dbwebb-kurser\ramverk1\me\kmom10\low-octane\vendor\flarum\core\src\Http\Middleware\SetLocale.php(50): Laminas\Stratigility\Next->handle(Object(Laminas\Diactoros\ServerRequest))
#49 C:\Users\Ldmk\LinuxDebian\lundmark\dbwebb-kurser\ramverk1\me\kmom10\low-octane\vendor\laminas\laminas-stratigility\src\Next.php(61): Flarum\Http\Middleware\SetLocale->process(Object(Laminas\Diactoros\ServerRequest), Object(Laminas\Stratigility\Next))
#50 C:\Users\Ldmk\LinuxDebian\lundmark\dbwebb-kurser\ramverk1\me\kmom10\low-octane\vendor\flarum\core\src\Http\Middleware\AuthenticateWithSession.php(32): Laminas\Stratigility\Next->handle(Object(Laminas\Diactoros\ServerRequest))
#51 C:\Users\Ldmk\LinuxDebian\lundmark\dbwebb-kurser\ramverk1\me\kmom10\low-octane\vendor\laminas\laminas-stratigility\src\Next.php(61): Flarum\Http\Middleware\AuthenticateWithSession->process(Object(Laminas\Diactoros\ServerRequest), Object(Laminas\Stratigility\Next))
#52 C:\Users\Ldmk\LinuxDebian\lundmark\dbwebb-kurser\ramverk1\me\kmom10\low-octane\vendor\flarum\core\src\Http\Middleware\RememberFromCookie.php(51): Laminas\Stratigility\Next->handle(Object(Laminas\Diactoros\ServerRequest))
#53 C:\Users\Ldmk\LinuxDebian\lundmark\dbwebb-kurser\ramverk1\me\kmom10\low-octane\vendor\laminas\laminas-stratigility\src\Next.php(61): Flarum\Http\Middleware\RememberFromCookie->process(Object(Laminas\Diactoros\ServerRequest), Object(Laminas\Stratigility\Next))
#54 C:\Users\Ldmk\LinuxDebian\lundmark\dbwebb-kurser\ramverk1\me\kmom10\low-octane\vendor\flarum\core\src\Http\Middleware\StartSession.php(61): Laminas\Stratigility\Next->handle(Object(Laminas\Diactoros\ServerRequest))
#55 C:\Users\Ldmk\LinuxDebian\lundmark\dbwebb-kurser\ramverk1\me\kmom10\low-octane\vendor\laminas\laminas-stratigility\src\Next.php(61): Flarum\Http\Middleware\StartSession->process(Object(Laminas\Diactoros\ServerRequest), Object(Laminas\Stratigility\Next))
#56 C:\Users\Ldmk\LinuxDebian\lundmark\dbwebb-kurser\ramverk1\me\kmom10\low-octane\vendor\flarum\core\src\Http\Middleware\CollectGarbage.php(46): Laminas\Stratigility\Next->handle(Object(Laminas\Diactoros\ServerRequest))
#57 C:\Users\Ldmk\LinuxDebian\lundmark\dbwebb-kurser\ramverk1\me\kmom10\low-octane\vendor\laminas\laminas-stratigility\src\Next.php(61): Flarum\Http\Middleware\CollectGarbage->process(Object(Laminas\Diactoros\ServerRequest), Object(Laminas\Stratigility\Next))
#58 C:\Users\Ldmk\LinuxDebian\lundmark\dbwebb-kurser\ramverk1\me\kmom10\low-octane\vendor\flarum\core\src\Http\Middleware\ParseJsonBody.php(28): Laminas\Stratigility\Next->handle(Object(Laminas\Diactoros\ServerRequest))
#59 C:\Users\Ldmk\LinuxDebian\lundmark\dbwebb-kurser\ramverk1\me\kmom10\low-octane\vendor\laminas\laminas-stratigility\src\Next.php(61): Flarum\Http\Middleware\ParseJsonBody->process(Object(Laminas\Diactoros\ServerRequest), Object(Laminas\Stratigility\Next))
#60 C:\Users\Ldmk\LinuxDebian\lundmark\dbwebb-kurser\ramverk1\me\kmom10\low-octane\vendor\flarum\core\src\Http\Middleware\HandleErrors.php(57): Laminas\Stratigility\Next->handle(Object(Laminas\Diactoros\ServerRequest))
#61 C:\Users\Ldmk\LinuxDebian\lundmark\dbwebb-kurser\ramverk1\me\kmom10\low-octane\vendor\laminas\laminas-stratigility\src\Next.php(61): Flarum\Http\Middleware\HandleErrors->process(Object(Laminas\Diactoros\ServerRequest), Object(Laminas\Stratigility\Next))
#62 C:\Users\Ldmk\LinuxDebian\lundmark\dbwebb-kurser\ramverk1\me\kmom10\low-octane\vendor\laminas\laminas-stratigility\src\MiddlewarePipe.php(84): Laminas\Stratigility\Next->handle(Object(Laminas\Diactoros\ServerRequest))
#63 C:\Users\Ldmk\LinuxDebian\lundmark\dbwebb-kurser\ramverk1\me\kmom10\low-octane\vendor\middlewares\request-handler\src\RequestHandler.php(84): Laminas\Stratigility\MiddlewarePipe->process(Object(Laminas\Diactoros\ServerRequest), Object(Laminas\Stratigility\Next))
#64 C:\Users\Ldmk\LinuxDebian\lundmark\dbwebb-kurser\ramverk1\me\kmom10\low-octane\vendor\laminas\laminas-stratigility\src\Next.php(61): Middlewares\RequestHandler->process(Object(Laminas\Diactoros\ServerRequest), Object(Laminas\Stratigility\Next))
#65 C:\Users\Ldmk\LinuxDebian\lundmark\dbwebb-kurser\ramverk1\me\kmom10\low-octane\vendor\middlewares\base-path-router\src\BasePathRouter.php(97): Laminas\Stratigility\Next->handle(Object(Laminas\Diactoros\ServerRequest))
#66 C:\Users\Ldmk\LinuxDebian\lundmark\dbwebb-kurser\ramverk1\me\kmom10\low-octane\vendor\laminas\laminas-stratigility\src\Next.php(61): Middlewares\BasePathRouter->process(Object(Laminas\Diactoros\ServerRequest), Object(Laminas\Stratigility\Next))
#67 C:\Users\Ldmk\LinuxDebian\lundmark\dbwebb-kurser\ramverk1\me\kmom10\low-octane\vendor\laminas\laminas-stratigility\src\Middleware\OriginalMessages.php(42): Laminas\Stratigility\Next->handle(Object(Laminas\Diactoros\ServerRequest))
#68 C:\Users\Ldmk\LinuxDebian\lundmark\dbwebb-kurser\ramverk1\me\kmom10\low-octane\vendor\laminas\laminas-stratigility\src\Next.php(61): Laminas\Stratigility\Middleware\OriginalMessages->process(Object(Laminas\Diactoros\ServerRequest), Object(Laminas\Stratigility\Next))
#69 C:\Users\Ldmk\LinuxDebian\lundmark\dbwebb-kurser\ramverk1\me\kmom10\low-octane\vendor\middlewares\base-path\src\BasePath.php(53): Laminas\Stratigility\Next->handle(Object(Laminas\Diactoros\ServerRequest))
#70 C:\Users\Ldmk\LinuxDebian\lundmark\dbwebb-kurser\ramverk1\me\kmom10\low-octane\vendor\laminas\laminas-stratigility\src\Next.php(61): Middlewares\BasePath->process(Object(Laminas\Diactoros\ServerRequest), Object(Laminas\Stratigility\Next))
#71 C:\Users\Ldmk\LinuxDebian\lundmark\dbwebb-kurser\ramverk1\me\kmom10\low-octane\vendor\laminas\laminas-stratigility\src\MiddlewarePipe.php(84): Laminas\Stratigility\Next->handle(Object(Laminas\Diactoros\ServerRequest))
#72 C:\Users\Ldmk\LinuxDebian\lundmark\dbwebb-kurser\ramverk1\me\kmom10\low-octane\vendor\laminas\laminas-stratigility\src\MiddlewarePipe.php(73): Laminas\Stratigility\MiddlewarePipe->process(Object(Laminas\Diactoros\ServerRequest), Object(Laminas\Stratigility\EmptyPipelineHandler))
#73 C:\Users\Ldmk\LinuxDebian\lundmark\dbwebb-kurser\ramverk1\me\kmom10\low-octane\vendor\laminas\laminas-httphandlerrunner\src\RequestHandlerRunner.php(96): Laminas\Stratigility\MiddlewarePipe->handle(Object(Laminas\Diactoros\ServerRequest))
#74 C:\Users\Ldmk\LinuxDebian\lundmark\dbwebb-kurser\ramverk1\me\kmom10\low-octane\vendor\flarum\core\src\Http\Server.php(42): Laminas\HttpHandlerRunner\RequestHandlerRunner->run()
#75 c:\users\ldmk\linuxdebian\lundmark\dbwebb-kurser\ramverk1\me\kmom10\low-octane\public\index.php(26): Flarum\Http\Server->listen()
#76 {main}  
[2021-01-07 17:38:54] flarum.DEBUG: Message-ID: <56d493bc9b4e84249414d8d1477b0873@localhost>
Date: Thu, 07 Jan 2021 17:38:54 +0000
Subject: Activate Your New Account
From: Low Octane <noreply@localhost>
To: hd@yopmail.com
MIME-Version: 1.0
Content-Type: text/plain; charset=utf-8
Content-Transfer-Encoding: quoted-printable

Hey HarleyDavidson!

Someone (hopefully you!) has signed up to Low Octane with this email address.

If this was you, simply click the following link and your account will be activated:
http://localhost:8080/dbwebb/ramverk1/me/kmom10/low-octane/public/confirm/ISNRJ3J9pWlvSfjVSTW7npNVovYbuFTuCTsBgW3k

If you did not sign up, please ignore this email.
  
[2021-01-07 17:40:38] flarum.DEBUG: Message-ID: <fa181f134e365abe4fa3dee56279ee3e@localhost>
Date: Thu, 07 Jan 2021 17:40:38 +0000
Subject: [Low Octane] Activate Your New Account
From: Low Octane <noreply@localhost>
To: test@yopmail.com
MIME-Version: 1.0
Content-Type: text/plain; charset=utf-8
Content-Transfer-Encoding: quoted-printable

Hey testuser123!

Someone (hopefully you!) has signed up to Low Octane with this email address.

If this was you, simply click the following link and your account will be activated:
http://localhost:8080/dbwebb/ramverk1/me/kmom10/low-octane/public/confirm/BECiEEz3pLapcn7nL8UWGix5ujPWJr44uuYukuF6

If you did not sign up, please ignore this email.
  
